2026-01-15 22:07:17 - root - INFO - Logging to file: logs/etl_20260115_220717.log
2026-01-15 22:07:17 - __main__ - INFO - Using authenticated requests with provided cookie
2026-01-15 22:07:20 - __main__ - INFO - Found 1728 total pages
2026-01-15 22:07:20 - __main__ - INFO - Scraping pages 1 to 1728
2026-01-15 22:07:20 - __main__ - INFO - Scraping page 1: https://boardgamegeek.com/browse/boardgame/page/1
2026-01-15 22:07:23 - __main__ - WARNING - Could not find collection_objectname td in row
2026-01-15 22:07:23 - __main__ - WARNING - Could not find collection_objectname td in row
2026-01-15 22:07:23 - __main__ - WARNING - Could not find collection_objectname td in row
2026-01-15 22:07:23 - __main__ - WARNING - Could not find collection_objectname td in row
2026-01-15 22:07:23 - __main__ - WARNING - Could not find collection_objectname td in row
2026-01-15 22:07:23 - __main__ - WARNING - Could not find collection_objectname td in row
2026-01-15 22:07:23 - __main__ - INFO - Extracted 100 games from page 1
2026-01-15 22:07:23 - __main__ - INFO - Saved 100 games to data/test_bgg_games.csv
2026-01-15 22:07:25 - __main__ - INFO - Scraping page 2: https://boardgamegeek.com/browse/boardgame/page/2
2026-01-15 22:07:27 - __main__ - WARNING - Could not find collection_objectname td in row
2026-01-15 22:07:27 - __main__ - WARNING - Could not find collection_objectname td in row
2026-01-15 22:07:27 - __main__ - WARNING - Could not find collection_objectname td in row
2026-01-15 22:07:27 - __main__ - WARNING - Could not find collection_objectname td in row
2026-01-15 22:07:27 - __main__ - WARNING - Could not find collection_objectname td in row
2026-01-15 22:07:27 - __main__ - WARNING - Could not find collection_objectname td in row
2026-01-15 22:07:27 - __main__ - INFO - Extracted 100 games from page 2
2026-01-15 22:07:27 - __main__ - INFO - Saved 200 games to data/test_bgg_games.csv
2026-01-15 22:07:29 - __main__ - INFO - Scraping page 3: https://boardgamegeek.com/browse/boardgame/page/3
2026-01-15 22:07:30 - __main__ - WARNING - Could not find collection_objectname td in row
2026-01-15 22:07:30 - __main__ - WARNING - Could not find collection_objectname td in row
2026-01-15 22:07:30 - __main__ - WARNING - Could not find collection_objectname td in row
2026-01-15 22:07:30 - __main__ - WARNING - Could not find collection_objectname td in row
2026-01-15 22:07:30 - __main__ - WARNING - Could not find collection_objectname td in row
2026-01-15 22:07:30 - __main__ - WARNING - Could not find collection_objectname td in row
2026-01-15 22:07:30 - __main__ - INFO - Extracted 100 games from page 3
2026-01-15 22:07:30 - __main__ - INFO - Saved 300 games to data/test_bgg_games.csv
2026-01-15 22:07:32 - __main__ - INFO - Scraping page 4: https://boardgamegeek.com/browse/boardgame/page/4
2026-01-15 22:07:34 - __main__ - WARNING - Could not find collection_objectname td in row
2026-01-15 22:07:34 - __main__ - WARNING - Could not find collection_objectname td in row
2026-01-15 22:07:34 - __main__ - WARNING - Could not find collection_objectname td in row
2026-01-15 22:07:34 - __main__ - WARNING - Could not find collection_objectname td in row
2026-01-15 22:07:34 - __main__ - WARNING - Could not find collection_objectname td in row
2026-01-15 22:07:34 - __main__ - WARNING - Could not find collection_objectname td in row
2026-01-15 22:07:34 - __main__ - INFO - Extracted 100 games from page 4
2026-01-15 22:07:34 - __main__ - INFO - Saved 400 games to data/test_bgg_games.csv
2026-01-15 22:07:36 - __main__ - INFO - Scraping page 5: https://boardgamegeek.com/browse/boardgame/page/5
2026-01-15 22:07:38 - __main__ - WARNING - Could not find collection_objectname td in row
2026-01-15 22:07:38 - __main__ - WARNING - Could not find collection_objectname td in row
2026-01-15 22:07:38 - __main__ - WARNING - Could not find collection_objectname td in row
2026-01-15 22:07:38 - __main__ - WARNING - Could not find collection_objectname td in row
2026-01-15 22:07:38 - __main__ - WARNING - Could not find collection_objectname td in row
2026-01-15 22:07:38 - __main__ - WARNING - Could not find collection_objectname td in row
2026-01-15 22:07:38 - __main__ - INFO - Extracted 100 games from page 5
2026-01-15 22:07:38 - __main__ - INFO - Saved 500 games to data/test_bgg_games.csv
2026-01-15 22:07:40 - __main__ - INFO - Scraping page 6: https://boardgamegeek.com/browse/boardgame/page/6
2026-01-15 22:07:41 - __main__ - WARNING - Could not find collection_objectname td in row
2026-01-15 22:07:41 - __main__ - WARNING - Could not find collection_objectname td in row
2026-01-15 22:07:41 - __main__ - WARNING - Could not find collection_objectname td in row
2026-01-15 22:07:41 - __main__ - WARNING - Could not find collection_objectname td in row
2026-01-15 22:07:41 - __main__ - WARNING - Could not find collection_objectname td in row
2026-01-15 22:07:41 - __main__ - WARNING - Could not find collection_objectname td in row
2026-01-15 22:07:41 - __main__ - INFO - Extracted 100 games from page 6
2026-01-15 22:07:41 - __main__ - INFO - Saved 600 games to data/test_bgg_games.csv
2026-01-15 22:07:43 - __main__ - INFO - Scraping page 7: https://boardgamegeek.com/browse/boardgame/page/7
2026-01-15 22:07:45 - __main__ - WARNING - Could not find collection_objectname td in row
2026-01-15 22:07:45 - __main__ - WARNING - Could not find collection_objectname td in row
2026-01-15 22:07:45 - __main__ - WARNING - Could not find collection_objectname td in row
2026-01-15 22:07:45 - __main__ - WARNING - Could not find collection_objectname td in row
2026-01-15 22:07:45 - __main__ - WARNING - Could not find collection_objectname td in row
2026-01-15 22:07:45 - __main__ - WARNING - Could not find collection_objectname td in row
2026-01-15 22:07:45 - __main__ - INFO - Extracted 100 games from page 7
2026-01-15 22:07:45 - __main__ - INFO - Saved 700 games to data/test_bgg_games.csv
2026-01-15 22:07:47 - __main__ - INFO - Scraping page 8: https://boardgamegeek.com/browse/boardgame/page/8
2026-01-15 22:07:49 - __main__ - WARNING - Could not find collection_objectname td in row
2026-01-15 22:07:49 - __main__ - WARNING - Could not find collection_objectname td in row
2026-01-15 22:07:49 - __main__ - WARNING - Could not find collection_objectname td in row
2026-01-15 22:07:49 - __main__ - WARNING - Could not find collection_objectname td in row
2026-01-15 22:07:49 - __main__ - WARNING - Could not find collection_objectname td in row
2026-01-15 22:07:49 - __main__ - WARNING - Could not find collection_objectname td in row
2026-01-15 22:07:49 - __main__ - INFO - Extracted 100 games from page 8
2026-01-15 22:07:49 - __main__ - INFO - Saved 800 games to data/test_bgg_games.csv
2026-01-15 22:07:51 - __main__ - INFO - Scraping page 9: https://boardgamegeek.com/browse/boardgame/page/9
2026-01-15 22:07:52 - __main__ - WARNING - Could not find collection_objectname td in row
2026-01-15 22:07:52 - __main__ - WARNING - Could not find collection_objectname td in row
2026-01-15 22:07:52 - __main__ - WARNING - Could not find collection_objectname td in row
2026-01-15 22:07:52 - __main__ - WARNING - Could not find collection_objectname td in row
2026-01-15 22:07:52 - __main__ - WARNING - Could not find collection_objectname td in row
2026-01-15 22:07:52 - __main__ - WARNING - Could not find collection_objectname td in row
2026-01-15 22:07:52 - __main__ - INFO - Extracted 100 games from page 9
2026-01-15 22:07:52 - __main__ - INFO - Saved 900 games to data/test_bgg_games.csv
2026-01-15 22:07:54 - __main__ - INFO - Scraping page 10: https://boardgamegeek.com/browse/boardgame/page/10
2026-01-15 22:07:56 - __main__ - WARNING - Could not find collection_objectname td in row
2026-01-15 22:07:56 - __main__ - WARNING - Could not find collection_objectname td in row
2026-01-15 22:07:56 - __main__ - WARNING - Could not find collection_objectname td in row
2026-01-15 22:07:56 - __main__ - WARNING - Could not find collection_objectname td in row
2026-01-15 22:07:56 - __main__ - WARNING - Could not find collection_objectname td in row
2026-01-15 22:07:56 - __main__ - WARNING - Could not find collection_objectname td in row
2026-01-15 22:07:56 - __main__ - INFO - Extracted 100 games from page 10
2026-01-15 22:07:56 - __main__ - INFO - Saved 1000 games to data/test_bgg_games.csv
2026-01-15 22:07:58 - __main__ - INFO - Scraping page 11: https://boardgamegeek.com/browse/boardgame/page/11
2026-01-15 22:07:59 - __main__ - WARNING - Could not find collection_objectname td in row
2026-01-15 22:07:59 - __main__ - WARNING - Could not find collection_objectname td in row
2026-01-15 22:07:59 - __main__ - WARNING - Could not find collection_objectname td in row
2026-01-15 22:07:59 - __main__ - WARNING - Could not find collection_objectname td in row
2026-01-15 22:07:59 - __main__ - WARNING - Could not find collection_objectname td in row
2026-01-15 22:07:59 - __main__ - WARNING - Could not find collection_objectname td in row
2026-01-15 22:07:59 - __main__ - INFO - Extracted 100 games from page 11
2026-01-15 22:07:59 - __main__ - INFO - Saved 1100 games to data/test_bgg_games.csv
2026-01-15 22:08:01 - __main__ - INFO - Scraping page 12: https://boardgamegeek.com/browse/boardgame/page/12
2026-01-15 22:08:03 - __main__ - WARNING - Could not find collection_objectname td in row
2026-01-15 22:08:03 - __main__ - WARNING - Could not find collection_objectname td in row
2026-01-15 22:08:03 - __main__ - WARNING - Could not find collection_objectname td in row
2026-01-15 22:08:03 - __main__ - WARNING - Could not find collection_objectname td in row
2026-01-15 22:08:03 - __main__ - WARNING - Could not find collection_objectname td in row
2026-01-15 22:08:03 - __main__ - WARNING - Could not find collection_objectname td in row
2026-01-15 22:08:03 - __main__ - INFO - Extracted 100 games from page 12
2026-01-15 22:08:03 - __main__ - INFO - Saved 1200 games to data/test_bgg_games.csv
2026-01-15 22:08:06 - __main__ - INFO - Scraping page 13: https://boardgamegeek.com/browse/boardgame/page/13
2026-01-15 22:08:07 - __main__ - WARNING - Could not find collection_objectname td in row
2026-01-15 22:08:07 - __main__ - WARNING - Could not find collection_objectname td in row
2026-01-15 22:08:07 - __main__ - WARNING - Could not find collection_objectname td in row
2026-01-15 22:08:07 - __main__ - WARNING - Could not find collection_objectname td in row
2026-01-15 22:08:07 - __main__ - WARNING - Could not find collection_objectname td in row
2026-01-15 22:08:07 - __main__ - WARNING - Could not find collection_objectname td in row
2026-01-15 22:08:07 - __main__ - INFO - Extracted 100 games from page 13
2026-01-15 22:08:07 - __main__ - INFO - Saved 1300 games to data/test_bgg_games.csv
2026-01-15 22:08:09 - __main__ - INFO - Scraping page 14: https://boardgamegeek.com/browse/boardgame/page/14
2026-01-15 22:08:11 - __main__ - WARNING - Could not find collection_objectname td in row
2026-01-15 22:08:11 - __main__ - WARNING - Could not find collection_objectname td in row
2026-01-15 22:08:11 - __main__ - WARNING - Could not find collection_objectname td in row
2026-01-15 22:08:11 - __main__ - WARNING - Could not find collection_objectname td in row
2026-01-15 22:08:11 - __main__ - WARNING - Could not find collection_objectname td in row
2026-01-15 22:08:11 - __main__ - WARNING - Could not find collection_objectname td in row
2026-01-15 22:08:11 - __main__ - INFO - Extracted 100 games from page 14
2026-01-15 22:08:11 - __main__ - INFO - Saved 1400 games to data/test_bgg_games.csv
2026-01-15 22:08:13 - __main__ - INFO - Scraping page 15: https://boardgamegeek.com/browse/boardgame/page/15
2026-01-15 22:08:15 - __main__ - WARNING - Could not find collection_objectname td in row
2026-01-15 22:08:15 - __main__ - WARNING - Could not find collection_objectname td in row
2026-01-15 22:08:15 - __main__ - WARNING - Could not find collection_objectname td in row
2026-01-15 22:08:15 - __main__ - WARNING - Could not find collection_objectname td in row
2026-01-15 22:08:15 - __main__ - WARNING - Could not find collection_objectname td in row
2026-01-15 22:08:15 - __main__ - WARNING - Could not find collection_objectname td in row
2026-01-15 22:08:15 - __main__ - INFO - Extracted 100 games from page 15
2026-01-15 22:08:15 - __main__ - INFO - Saved 1500 games to data/test_bgg_games.csv
2026-01-15 22:08:17 - __main__ - INFO - Scraping page 16: https://boardgamegeek.com/browse/boardgame/page/16
2026-01-15 22:08:19 - __main__ - WARNING - Could not find collection_objectname td in row
2026-01-15 22:08:19 - __main__ - WARNING - Could not find collection_objectname td in row
2026-01-15 22:08:19 - __main__ - WARNING - Could not find collection_objectname td in row
2026-01-15 22:08:19 - __main__ - WARNING - Could not find collection_objectname td in row
2026-01-15 22:08:19 - __main__ - WARNING - Could not find collection_objectname td in row
2026-01-15 22:08:19 - __main__ - WARNING - Could not find collection_objectname td in row
2026-01-15 22:08:19 - __main__ - INFO - Extracted 100 games from page 16
2026-01-15 22:08:19 - __main__ - INFO - Saved 1600 games to data/test_bgg_games.csv
2026-01-15 22:08:21 - __main__ - INFO - Scraping page 17: https://boardgamegeek.com/browse/boardgame/page/17
2026-01-15 22:08:22 - __main__ - WARNING - Could not find collection_objectname td in row
2026-01-15 22:08:22 - __main__ - WARNING - Could not find collection_objectname td in row
2026-01-15 22:08:22 - __main__ - WARNING - Could not find collection_objectname td in row
2026-01-15 22:08:22 - __main__ - WARNING - Could not find collection_objectname td in row
2026-01-15 22:08:22 - __main__ - WARNING - Could not find collection_objectname td in row
2026-01-15 22:08:22 - __main__ - WARNING - Could not find collection_objectname td in row
2026-01-15 22:08:22 - __main__ - INFO - Extracted 100 games from page 17
2026-01-15 22:08:22 - __main__ - INFO - Saved 1700 games to data/test_bgg_games.csv
2026-01-15 22:08:24 - __main__ - INFO - Scraping page 18: https://boardgamegeek.com/browse/boardgame/page/18
2026-01-15 22:08:26 - __main__ - WARNING - Could not find collection_objectname td in row
2026-01-15 22:08:26 - __main__ - WARNING - Could not find collection_objectname td in row
2026-01-15 22:08:26 - __main__ - WARNING - Could not find collection_objectname td in row
2026-01-15 22:08:26 - __main__ - WARNING - Could not find collection_objectname td in row
2026-01-15 22:08:26 - __main__ - WARNING - Could not find collection_objectname td in row
2026-01-15 22:08:26 - __main__ - WARNING - Could not find collection_objectname td in row
2026-01-15 22:08:26 - __main__ - INFO - Extracted 100 games from page 18
2026-01-15 22:08:26 - __main__ - INFO - Saved 1800 games to data/test_bgg_games.csv
2026-01-15 22:08:28 - __main__ - INFO - Scraping page 19: https://boardgamegeek.com/browse/boardgame/page/19
2026-01-15 22:08:29 - __main__ - WARNING - Could not find collection_objectname td in row
2026-01-15 22:08:29 - __main__ - WARNING - Could not find collection_objectname td in row
2026-01-15 22:08:29 - __main__ - WARNING - Could not find collection_objectname td in row
2026-01-15 22:08:29 - __main__ - WARNING - Could not find collection_objectname td in row
2026-01-15 22:08:29 - __main__ - WARNING - Could not find collection_objectname td in row
2026-01-15 22:08:29 - __main__ - WARNING - Could not find collection_objectname td in row
2026-01-15 22:08:29 - __main__ - INFO - Extracted 100 games from page 19
2026-01-15 22:08:29 - __main__ - INFO - Saved 1900 games to data/test_bgg_games.csv
2026-01-15 22:08:31 - __main__ - INFO - Scraping page 20: https://boardgamegeek.com/browse/boardgame/page/20
2026-01-15 22:08:33 - __main__ - WARNING - Could not find collection_objectname td in row
2026-01-15 22:08:33 - __main__ - WARNING - Could not find collection_objectname td in row
2026-01-15 22:08:33 - __main__ - WARNING - Could not find collection_objectname td in row
2026-01-15 22:08:33 - __main__ - WARNING - Could not find collection_objectname td in row
2026-01-15 22:08:33 - __main__ - WARNING - Could not find collection_objectname td in row
2026-01-15 22:08:33 - __main__ - WARNING - Could not find collection_objectname td in row
2026-01-15 22:08:33 - __main__ - INFO - Extracted 100 games from page 20
2026-01-15 22:08:33 - __main__ - INFO - Saved 2000 games to data/test_bgg_games.csv
2026-01-15 22:08:35 - __main__ - INFO - Scraping page 21: https://boardgamegeek.com/browse/boardgame/page/21
2026-01-15 22:08:37 - __main__ - WARNING - Could not find collection_objectname td in row
2026-01-15 22:08:37 - __main__ - WARNING - Could not find collection_objectname td in row
2026-01-15 22:08:37 - __main__ - WARNING - Could not find collection_objectname td in row
2026-01-15 22:08:37 - __main__ - WARNING - Could not find collection_objectname td in row
2026-01-15 22:08:37 - __main__ - WARNING - Could not find collection_objectname td in row
2026-01-15 22:08:37 - __main__ - WARNING - Could not find collection_objectname td in row
2026-01-15 22:08:37 - __main__ - INFO - Extracted 100 games from page 21
2026-01-15 22:08:37 - __main__ - INFO - Saved 2100 games to data/test_bgg_games.csv
2026-01-15 22:08:39 - __main__ - INFO - Scraping page 22: https://boardgamegeek.com/browse/boardgame/page/22
2026-01-15 22:08:42 - __main__ - WARNING - Could not find collection_objectname td in row
2026-01-15 22:08:42 - __main__ - WARNING - Could not find collection_objectname td in row
2026-01-15 22:08:42 - __main__ - WARNING - Could not find collection_objectname td in row
2026-01-15 22:08:42 - __main__ - WARNING - Could not find collection_objectname td in row
2026-01-15 22:08:42 - __main__ - WARNING - Could not find collection_objectname td in row
2026-01-15 22:08:42 - __main__ - WARNING - Could not find collection_objectname td in row
2026-01-15 22:08:42 - __main__ - INFO - Extracted 100 games from page 22
2026-01-15 22:08:42 - __main__ - INFO - Saved 2200 games to data/test_bgg_games.csv
2026-01-15 22:08:44 - __main__ - INFO - Scraping page 23: https://boardgamegeek.com/browse/boardgame/page/23
2026-01-15 22:08:47 - __main__ - WARNING - Could not find collection_objectname td in row
2026-01-15 22:08:47 - __main__ - WARNING - Could not find collection_objectname td in row
2026-01-15 22:08:47 - __main__ - WARNING - Could not find collection_objectname td in row
2026-01-15 22:08:47 - __main__ - WARNING - Could not find collection_objectname td in row
2026-01-15 22:08:47 - __main__ - WARNING - Could not find collection_objectname td in row
2026-01-15 22:08:47 - __main__ - WARNING - Could not find collection_objectname td in row
2026-01-15 22:08:47 - __main__ - INFO - Extracted 100 games from page 23
2026-01-15 22:08:47 - __main__ - INFO - Saved 2300 games to data/test_bgg_games.csv
2026-01-15 22:08:49 - __main__ - INFO - Scraping page 24: https://boardgamegeek.com/browse/boardgame/page/24
2026-01-15 22:08:50 - __main__ - WARNING - Could not find collection_objectname td in row
2026-01-15 22:08:50 - __main__ - WARNING - Could not find collection_objectname td in row
2026-01-15 22:08:50 - __main__ - WARNING - Could not find collection_objectname td in row
2026-01-15 22:08:50 - __main__ - WARNING - Could not find collection_objectname td in row
2026-01-15 22:08:51 - __main__ - WARNING - Could not find collection_objectname td in row
2026-01-15 22:08:51 - __main__ - WARNING - Could not find collection_objectname td in row
2026-01-15 22:08:51 - __main__ - INFO - Extracted 100 games from page 24
2026-01-15 22:08:51 - __main__ - INFO - Saved 2400 games to data/test_bgg_games.csv
2026-01-15 22:08:53 - __main__ - INFO - Scraping page 25: https://boardgamegeek.com/browse/boardgame/page/25
2026-01-15 22:08:54 - __main__ - WARNING - Could not find collection_objectname td in row
2026-01-15 22:08:54 - __main__ - WARNING - Could not find collection_objectname td in row
2026-01-15 22:08:54 - __main__ - WARNING - Could not find collection_objectname td in row
2026-01-15 22:08:54 - __main__ - WARNING - Could not find collection_objectname td in row
2026-01-15 22:08:54 - __main__ - WARNING - Could not find collection_objectname td in row
2026-01-15 22:08:54 - __main__ - WARNING - Could not find collection_objectname td in row
2026-01-15 22:08:54 - __main__ - INFO - Extracted 100 games from page 25
2026-01-15 22:08:54 - __main__ - INFO - Saved 2500 games to data/test_bgg_games.csv
2026-01-15 22:08:56 - __main__ - INFO - Scraping page 26: https://boardgamegeek.com/browse/boardgame/page/26
2026-01-15 22:09:00 - __main__ - WARNING - Could not find collection_objectname td in row
2026-01-15 22:09:00 - __main__ - WARNING - Could not find collection_objectname td in row
2026-01-15 22:09:00 - __main__ - WARNING - Could not find collection_objectname td in row
2026-01-15 22:09:00 - __main__ - WARNING - Could not find collection_objectname td in row
2026-01-15 22:09:00 - __main__ - WARNING - Could not find collection_objectname td in row
2026-01-15 22:09:00 - __main__ - WARNING - Could not find collection_objectname td in row
2026-01-15 22:09:00 - __main__ - INFO - Extracted 100 games from page 26
2026-01-15 22:09:00 - __main__ - INFO - Saved 2600 games to data/test_bgg_games.csv
2026-01-15 22:09:02 - __main__ - INFO - Scraping page 27: https://boardgamegeek.com/browse/boardgame/page/27
2026-01-15 22:09:03 - __main__ - WARNING - Could not find collection_objectname td in row
2026-01-15 22:09:03 - __main__ - WARNING - Could not find collection_objectname td in row
2026-01-15 22:09:03 - __main__ - WARNING - Could not find collection_objectname td in row
2026-01-15 22:09:03 - __main__ - WARNING - Could not find collection_objectname td in row
2026-01-15 22:09:03 - __main__ - WARNING - Could not find collection_objectname td in row
2026-01-15 22:09:03 - __main__ - WARNING - Could not find collection_objectname td in row
2026-01-15 22:09:03 - __main__ - INFO - Extracted 100 games from page 27
2026-01-15 22:09:03 - __main__ - INFO - Saved 2700 games to data/test_bgg_games.csv
2026-01-15 22:09:05 - __main__ - INFO - Scraping page 28: https://boardgamegeek.com/browse/boardgame/page/28
2026-01-15 22:09:08 - __main__ - WARNING - Could not find collection_objectname td in row
2026-01-15 22:09:08 - __main__ - WARNING - Could not find collection_objectname td in row
2026-01-15 22:09:08 - __main__ - WARNING - Could not find collection_objectname td in row
2026-01-15 22:09:08 - __main__ - WARNING - Could not find collection_objectname td in row
2026-01-15 22:09:08 - __main__ - WARNING - Could not find collection_objectname td in row
2026-01-15 22:09:08 - __main__ - WARNING - Could not find collection_objectname td in row
2026-01-15 22:09:08 - __main__ - INFO - Extracted 100 games from page 28
2026-01-15 22:09:08 - __main__ - INFO - Saved 2800 games to data/test_bgg_games.csv
2026-01-15 22:09:10 - __main__ - INFO - Scraping page 29: https://boardgamegeek.com/browse/boardgame/page/29
2026-01-15 22:09:12 - __main__ - WARNING - Could not find collection_objectname td in row
2026-01-15 22:09:12 - __main__ - WARNING - Could not find collection_objectname td in row
2026-01-15 22:09:12 - __main__ - WARNING - Could not find collection_objectname td in row
2026-01-15 22:09:12 - __main__ - WARNING - Could not find collection_objectname td in row
2026-01-15 22:09:12 - __main__ - WARNING - Could not find collection_objectname td in row
2026-01-15 22:09:12 - __main__ - WARNING - Could not find collection_objectname td in row
2026-01-15 22:09:12 - __main__ - INFO - Extracted 100 games from page 29
2026-01-15 22:09:12 - __main__ - INFO - Saved 2900 games to data/test_bgg_games.csv
2026-01-15 22:09:14 - __main__ - INFO - Scraping page 30: https://boardgamegeek.com/browse/boardgame/page/30
2026-01-15 22:09:19 - __main__ - WARNING - Could not find collection_objectname td in row
2026-01-15 22:09:19 - __main__ - WARNING - Could not find collection_objectname td in row
2026-01-15 22:09:19 - __main__ - WARNING - Could not find collection_objectname td in row
2026-01-15 22:09:19 - __main__ - WARNING - Could not find collection_objectname td in row
2026-01-15 22:09:19 - __main__ - WARNING - Could not find collection_objectname td in row
2026-01-15 22:09:19 - __main__ - WARNING - Could not find collection_objectname td in row
2026-01-15 22:09:19 - __main__ - INFO - Extracted 100 games from page 30
2026-01-15 22:09:19 - __main__ - INFO - Saved 3000 games to data/test_bgg_games.csv
2026-01-15 22:09:21 - __main__ - INFO - Scraping page 31: https://boardgamegeek.com/browse/boardgame/page/31
2026-01-15 22:09:22 - __main__ - WARNING - Could not find collection_objectname td in row
2026-01-15 22:09:22 - __main__ - WARNING - Could not find collection_objectname td in row
2026-01-15 22:09:22 - __main__ - WARNING - Could not find collection_objectname td in row
2026-01-15 22:09:22 - __main__ - WARNING - Could not find collection_objectname td in row
2026-01-15 22:09:22 - __main__ - WARNING - Could not find collection_objectname td in row
2026-01-15 22:09:22 - __main__ - WARNING - Could not find collection_objectname td in row
2026-01-15 22:09:22 - __main__ - INFO - Extracted 100 games from page 31
2026-01-15 22:09:22 - __main__ - INFO - Saved 3100 games to data/test_bgg_games.csv
2026-01-15 22:09:24 - __main__ - INFO - Scraping page 32: https://boardgamegeek.com/browse/boardgame/page/32
2026-01-15 22:09:26 - __main__ - WARNING - Could not find collection_objectname td in row
2026-01-15 22:09:26 - __main__ - WARNING - Could not find collection_objectname td in row
2026-01-15 22:09:26 - __main__ - WARNING - Could not find collection_objectname td in row
2026-01-15 22:09:26 - __main__ - WARNING - Could not find collection_objectname td in row
2026-01-15 22:09:26 - __main__ - WARNING - Could not find collection_objectname td in row
2026-01-15 22:09:26 - __main__ - WARNING - Could not find collection_objectname td in row
2026-01-15 22:09:26 - __main__ - INFO - Extracted 100 games from page 32
2026-01-15 22:09:26 - __main__ - INFO - Saved 3200 games to data/test_bgg_games.csv
2026-01-15 22:09:28 - __main__ - INFO - Scraping page 33: https://boardgamegeek.com/browse/boardgame/page/33
2026-01-15 22:09:30 - __main__ - WARNING - Could not find collection_objectname td in row
2026-01-15 22:09:30 - __main__ - WARNING - Could not find collection_objectname td in row
2026-01-15 22:09:30 - __main__ - WARNING - Could not find collection_objectname td in row
2026-01-15 22:09:30 - __main__ - WARNING - Could not find collection_objectname td in row
2026-01-15 22:09:30 - __main__ - WARNING - Could not find collection_objectname td in row
2026-01-15 22:09:30 - __main__ - WARNING - Could not find collection_objectname td in row
2026-01-15 22:09:30 - __main__ - INFO - Extracted 100 games from page 33
2026-01-15 22:09:30 - __main__ - INFO - Saved 3300 games to data/test_bgg_games.csv
2026-01-15 22:09:32 - __main__ - INFO - Scraping page 34: https://boardgamegeek.com/browse/boardgame/page/34
2026-01-15 22:09:35 - __main__ - WARNING - Could not find collection_objectname td in row
2026-01-15 22:09:35 - __main__ - WARNING - Could not find collection_objectname td in row
2026-01-15 22:09:35 - __main__ - WARNING - Could not find collection_objectname td in row
2026-01-15 22:09:35 - __main__ - WARNING - Could not find collection_objectname td in row
2026-01-15 22:09:35 - __main__ - WARNING - Could not find collection_objectname td in row
2026-01-15 22:09:35 - __main__ - WARNING - Could not find collection_objectname td in row
2026-01-15 22:09:35 - __main__ - INFO - Extracted 100 games from page 34
2026-01-15 22:09:35 - __main__ - INFO - Saved 3400 games to data/test_bgg_games.csv
2026-01-15 22:09:37 - __main__ - INFO - Scraping page 35: https://boardgamegeek.com/browse/boardgame/page/35
2026-01-15 22:09:38 - __main__ - WARNING - Could not find collection_objectname td in row
2026-01-15 22:09:38 - __main__ - WARNING - Could not find collection_objectname td in row
2026-01-15 22:09:38 - __main__ - WARNING - Could not find collection_objectname td in row
2026-01-15 22:09:38 - __main__ - WARNING - Could not find collection_objectname td in row
2026-01-15 22:09:38 - __main__ - WARNING - Could not find collection_objectname td in row
2026-01-15 22:09:38 - __main__ - WARNING - Could not find collection_objectname td in row
2026-01-15 22:09:38 - __main__ - INFO - Extracted 100 games from page 35
2026-01-15 22:09:38 - __main__ - INFO - Saved 3500 games to data/test_bgg_games.csv
2026-01-15 22:09:40 - __main__ - INFO - Scraping page 36: https://boardgamegeek.com/browse/boardgame/page/36
2026-01-15 22:09:41 - __main__ - WARNING - Could not find collection_objectname td in row
2026-01-15 22:09:41 - __main__ - WARNING - Could not find collection_objectname td in row
2026-01-15 22:09:41 - __main__ - WARNING - Could not find collection_objectname td in row
2026-01-15 22:09:41 - __main__ - WARNING - Could not find collection_objectname td in row
2026-01-15 22:09:41 - __main__ - WARNING - Could not find collection_objectname td in row
2026-01-15 22:09:41 - __main__ - WARNING - Could not find collection_objectname td in row
2026-01-15 22:09:41 - __main__ - INFO - Extracted 100 games from page 36
2026-01-15 22:09:41 - __main__ - INFO - Saved 3600 games to data/test_bgg_games.csv
2026-01-15 22:09:43 - __main__ - INFO - Scraping page 37: https://boardgamegeek.com/browse/boardgame/page/37
2026-01-15 22:09:45 - __main__ - WARNING - Could not find collection_objectname td in row
2026-01-15 22:09:45 - __main__ - WARNING - Could not find collection_objectname td in row
2026-01-15 22:09:45 - __main__ - WARNING - Could not find collection_objectname td in row
2026-01-15 22:09:45 - __main__ - WARNING - Could not find collection_objectname td in row
2026-01-15 22:09:45 - __main__ - WARNING - Could not find collection_objectname td in row
2026-01-15 22:09:45 - __main__ - WARNING - Could not find collection_objectname td in row
2026-01-15 22:09:45 - __main__ - INFO - Extracted 100 games from page 37
2026-01-15 22:09:45 - __main__ - INFO - Saved 3700 games to data/test_bgg_games.csv
2026-01-15 22:09:47 - __main__ - INFO - Scraping page 38: https://boardgamegeek.com/browse/boardgame/page/38
2026-01-15 22:09:49 - __main__ - WARNING - Could not find collection_objectname td in row
2026-01-15 22:09:49 - __main__ - WARNING - Could not find collection_objectname td in row
2026-01-15 22:09:49 - __main__ - WARNING - Could not find collection_objectname td in row
2026-01-15 22:09:49 - __main__ - WARNING - Could not find collection_objectname td in row
2026-01-15 22:09:49 - __main__ - WARNING - Could not find collection_objectname td in row
2026-01-15 22:09:49 - __main__ - WARNING - Could not find collection_objectname td in row
2026-01-15 22:09:49 - __main__ - INFO - Extracted 100 games from page 38
2026-01-15 22:09:49 - __main__ - INFO - Saved 3800 games to data/test_bgg_games.csv
2026-01-15 22:09:51 - __main__ - INFO - Scraping page 39: https://boardgamegeek.com/browse/boardgame/page/39
2026-01-15 22:09:53 - __main__ - WARNING - Could not find collection_objectname td in row
2026-01-15 22:09:53 - __main__ - WARNING - Could not find collection_objectname td in row
2026-01-15 22:09:53 - __main__ - WARNING - Could not find collection_objectname td in row
2026-01-15 22:09:53 - __main__ - WARNING - Could not find collection_objectname td in row
2026-01-15 22:09:53 - __main__ - WARNING - Could not find collection_objectname td in row
2026-01-15 22:09:53 - __main__ - WARNING - Could not find collection_objectname td in row
2026-01-15 22:09:53 - __main__ - INFO - Extracted 100 games from page 39
2026-01-15 22:09:53 - __main__ - INFO - Saved 3900 games to data/test_bgg_games.csv
2026-01-15 22:09:55 - __main__ - INFO - Scraping page 40: https://boardgamegeek.com/browse/boardgame/page/40
2026-01-15 22:09:59 - __main__ - WARNING - Could not find collection_objectname td in row
2026-01-15 22:09:59 - __main__ - WARNING - Could not find collection_objectname td in row
2026-01-15 22:09:59 - __main__ - WARNING - Could not find collection_objectname td in row
2026-01-15 22:09:59 - __main__ - WARNING - Could not find collection_objectname td in row
2026-01-15 22:09:59 - __main__ - WARNING - Could not find collection_objectname td in row
2026-01-15 22:09:59 - __main__ - WARNING - Could not find collection_objectname td in row
2026-01-15 22:09:59 - __main__ - INFO - Extracted 100 games from page 40
2026-01-15 22:09:59 - __main__ - INFO - Saved 4000 games to data/test_bgg_games.csv
2026-01-15 22:10:01 - __main__ - INFO - Scraping page 41: https://boardgamegeek.com/browse/boardgame/page/41
2026-01-15 22:10:02 - __main__ - WARNING - Could not find collection_objectname td in row
2026-01-15 22:10:02 - __main__ - WARNING - Could not find collection_objectname td in row
2026-01-15 22:10:02 - __main__ - WARNING - Could not find collection_objectname td in row
2026-01-15 22:10:02 - __main__ - WARNING - Could not find collection_objectname td in row
2026-01-15 22:10:02 - __main__ - WARNING - Could not find collection_objectname td in row
2026-01-15 22:10:02 - __main__ - WARNING - Could not find collection_objectname td in row
2026-01-15 22:10:02 - __main__ - INFO - Extracted 100 games from page 41
2026-01-15 22:10:02 - __main__ - INFO - Saved 4100 games to data/test_bgg_games.csv
2026-01-15 22:10:04 - __main__ - INFO - Scraping page 42: https://boardgamegeek.com/browse/boardgame/page/42
2026-01-15 22:10:06 - __main__ - WARNING - Could not find collection_objectname td in row
2026-01-15 22:10:06 - __main__ - WARNING - Could not find collection_objectname td in row
2026-01-15 22:10:06 - __main__ - WARNING - Could not find collection_objectname td in row
2026-01-15 22:10:06 - __main__ - WARNING - Could not find collection_objectname td in row
2026-01-15 22:10:06 - __main__ - WARNING - Could not find collection_objectname td in row
2026-01-15 22:10:06 - __main__ - WARNING - Could not find collection_objectname td in row
2026-01-15 22:10:06 - __main__ - INFO - Extracted 100 games from page 42
2026-01-15 22:10:06 - __main__ - INFO - Saved 4200 games to data/test_bgg_games.csv
2026-01-15 22:10:08 - __main__ - INFO - Scraping page 43: https://boardgamegeek.com/browse/boardgame/page/43
2026-01-15 22:10:09 - __main__ - WARNING - Could not find collection_objectname td in row
2026-01-15 22:10:09 - __main__ - WARNING - Could not find collection_objectname td in row
2026-01-15 22:10:09 - __main__ - WARNING - Could not find collection_objectname td in row
2026-01-15 22:10:09 - __main__ - WARNING - Could not find collection_objectname td in row
2026-01-15 22:10:09 - __main__ - WARNING - Could not find collection_objectname td in row
2026-01-15 22:10:09 - __main__ - WARNING - Could not find collection_objectname td in row
2026-01-15 22:10:09 - __main__ - INFO - Extracted 100 games from page 43
2026-01-15 22:10:09 - __main__ - INFO - Saved 4300 games to data/test_bgg_games.csv
2026-01-15 22:10:11 - __main__ - INFO - Scraping page 44: https://boardgamegeek.com/browse/boardgame/page/44
2026-01-15 22:10:13 - __main__ - WARNING - Could not find collection_objectname td in row
2026-01-15 22:10:13 - __main__ - WARNING - Could not find collection_objectname td in row
2026-01-15 22:10:13 - __main__ - WARNING - Could not find collection_objectname td in row
2026-01-15 22:10:13 - __main__ - WARNING - Could not find collection_objectname td in row
2026-01-15 22:10:13 - __main__ - WARNING - Could not find collection_objectname td in row
2026-01-15 22:10:13 - __main__ - WARNING - Could not find collection_objectname td in row
2026-01-15 22:10:13 - __main__ - INFO - Extracted 100 games from page 44
2026-01-15 22:10:13 - __main__ - INFO - Saved 4400 games to data/test_bgg_games.csv
2026-01-15 22:10:15 - __main__ - INFO - Scraping page 45: https://boardgamegeek.com/browse/boardgame/page/45
2026-01-15 22:10:16 - __main__ - WARNING - Could not find collection_objectname td in row
2026-01-15 22:10:16 - __main__ - WARNING - Could not find collection_objectname td in row
2026-01-15 22:10:16 - __main__ - WARNING - Could not find collection_objectname td in row
2026-01-15 22:10:16 - __main__ - WARNING - Could not find collection_objectname td in row
2026-01-15 22:10:16 - __main__ - WARNING - Could not find collection_objectname td in row
2026-01-15 22:10:16 - __main__ - WARNING - Could not find collection_objectname td in row
2026-01-15 22:10:16 - __main__ - INFO - Extracted 100 games from page 45
2026-01-15 22:10:16 - __main__ - INFO - Saved 4500 games to data/test_bgg_games.csv
2026-01-15 22:10:18 - __main__ - INFO - Scraping page 46: https://boardgamegeek.com/browse/boardgame/page/46
2026-01-15 22:10:20 - __main__ - WARNING - Could not find collection_objectname td in row
2026-01-15 22:10:20 - __main__ - WARNING - Could not find collection_objectname td in row
2026-01-15 22:10:20 - __main__ - WARNING - Could not find collection_objectname td in row
2026-01-15 22:10:20 - __main__ - WARNING - Could not find collection_objectname td in row
2026-01-15 22:10:20 - __main__ - WARNING - Could not find collection_objectname td in row
2026-01-15 22:10:20 - __main__ - WARNING - Could not find collection_objectname td in row
2026-01-15 22:10:20 - __main__ - INFO - Extracted 100 games from page 46
2026-01-15 22:10:20 - __main__ - INFO - Saved 4600 games to data/test_bgg_games.csv
2026-01-15 22:10:22 - __main__ - INFO - Scraping page 47: https://boardgamegeek.com/browse/boardgame/page/47
2026-01-15 22:10:23 - __main__ - WARNING - Could not find collection_objectname td in row
2026-01-15 22:10:23 - __main__ - WARNING - Could not find collection_objectname td in row
2026-01-15 22:10:23 - __main__ - WARNING - Could not find collection_objectname td in row
2026-01-15 22:10:23 - __main__ - WARNING - Could not find collection_objectname td in row
2026-01-15 22:10:23 - __main__ - WARNING - Could not find collection_objectname td in row
2026-01-15 22:10:23 - __main__ - WARNING - Could not find collection_objectname td in row
2026-01-15 22:10:23 - __main__ - INFO - Extracted 100 games from page 47
2026-01-15 22:10:23 - __main__ - INFO - Saved 4700 games to data/test_bgg_games.csv
2026-01-15 22:10:25 - __main__ - INFO - Scraping page 48: https://boardgamegeek.com/browse/boardgame/page/48
2026-01-15 22:10:29 - __main__ - WARNING - Could not find collection_objectname td in row
2026-01-15 22:10:29 - __main__ - WARNING - Could not find collection_objectname td in row
2026-01-15 22:10:29 - __main__ - WARNING - Could not find collection_objectname td in row
2026-01-15 22:10:29 - __main__ - WARNING - Could not find collection_objectname td in row
2026-01-15 22:10:29 - __main__ - WARNING - Could not find collection_objectname td in row
2026-01-15 22:10:29 - __main__ - WARNING - Could not find collection_objectname td in row
2026-01-15 22:10:29 - __main__ - INFO - Extracted 100 games from page 48
2026-01-15 22:10:29 - __main__ - INFO - Saved 4800 games to data/test_bgg_games.csv
2026-01-15 22:10:31 - __main__ - INFO - Scraping page 49: https://boardgamegeek.com/browse/boardgame/page/49
2026-01-15 22:10:32 - __main__ - WARNING - Could not find collection_objectname td in row
2026-01-15 22:10:33 - __main__ - WARNING - Could not find collection_objectname td in row
2026-01-15 22:10:33 - __main__ - WARNING - Could not find collection_objectname td in row
2026-01-15 22:10:33 - __main__ - WARNING - Could not find collection_objectname td in row
2026-01-15 22:10:33 - __main__ - WARNING - Could not find collection_objectname td in row
2026-01-15 22:10:33 - __main__ - WARNING - Could not find collection_objectname td in row
2026-01-15 22:10:33 - __main__ - INFO - Extracted 100 games from page 49
2026-01-15 22:10:33 - __main__ - INFO - Saved 4900 games to data/test_bgg_games.csv
2026-01-15 22:10:35 - __main__ - INFO - Scraping page 50: https://boardgamegeek.com/browse/boardgame/page/50
2026-01-15 22:10:39 - __main__ - WARNING - Could not find collection_objectname td in row
2026-01-15 22:10:39 - __main__ - WARNING - Could not find collection_objectname td in row
2026-01-15 22:10:39 - __main__ - WARNING - Could not find collection_objectname td in row
2026-01-15 22:10:39 - __main__ - WARNING - Could not find collection_objectname td in row
2026-01-15 22:10:39 - __main__ - WARNING - Could not find collection_objectname td in row
2026-01-15 22:10:39 - __main__ - WARNING - Could not find collection_objectname td in row
2026-01-15 22:10:39 - __main__ - INFO - Extracted 100 games from page 50
2026-01-15 22:10:39 - __main__ - INFO - Saved 5000 games to data/test_bgg_games.csv
2026-01-15 22:10:41 - __main__ - INFO - Scraping page 51: https://boardgamegeek.com/browse/boardgame/page/51
2026-01-15 22:10:42 - __main__ - WARNING - Could not find collection_objectname td in row
2026-01-15 22:10:42 - __main__ - WARNING - Could not find collection_objectname td in row
2026-01-15 22:10:42 - __main__ - WARNING - Could not find collection_objectname td in row
2026-01-15 22:10:42 - __main__ - WARNING - Could not find collection_objectname td in row
2026-01-15 22:10:42 - __main__ - WARNING - Could not find collection_objectname td in row
2026-01-15 22:10:42 - __main__ - WARNING - Could not find collection_objectname td in row
2026-01-15 22:10:42 - __main__ - INFO - Extracted 100 games from page 51
2026-01-15 22:10:42 - __main__ - INFO - Saved 5100 games to data/test_bgg_games.csv
2026-01-15 22:10:44 - __main__ - INFO - Scraping page 52: https://boardgamegeek.com/browse/boardgame/page/52
2026-01-15 22:10:46 - __main__ - WARNING - Could not find collection_objectname td in row
2026-01-15 22:10:46 - __main__ - WARNING - Could not find collection_objectname td in row
2026-01-15 22:10:46 - __main__ - WARNING - Could not find collection_objectname td in row
2026-01-15 22:10:46 - __main__ - WARNING - Could not find collection_objectname td in row
2026-01-15 22:10:46 - __main__ - WARNING - Could not find collection_objectname td in row
2026-01-15 22:10:46 - __main__ - WARNING - Could not find collection_objectname td in row
2026-01-15 22:10:46 - __main__ - INFO - Extracted 100 games from page 52
2026-01-15 22:10:46 - __main__ - INFO - Saved 5200 games to data/test_bgg_games.csv
2026-01-15 22:10:48 - __main__ - INFO - Scraping page 53: https://boardgamegeek.com/browse/boardgame/page/53
2026-01-15 22:10:49 - __main__ - WARNING - Could not find collection_objectname td in row
2026-01-15 22:10:49 - __main__ - WARNING - Could not find collection_objectname td in row
2026-01-15 22:10:49 - __main__ - WARNING - Could not find collection_objectname td in row
2026-01-15 22:10:49 - __main__ - WARNING - Could not find collection_objectname td in row
2026-01-15 22:10:49 - __main__ - WARNING - Could not find collection_objectname td in row
2026-01-15 22:10:49 - __main__ - WARNING - Could not find collection_objectname td in row
2026-01-15 22:10:49 - __main__ - INFO - Extracted 100 games from page 53
2026-01-15 22:10:49 - __main__ - INFO - Saved 5300 games to data/test_bgg_games.csv
2026-01-15 22:10:51 - __main__ - INFO - Scraping page 54: https://boardgamegeek.com/browse/boardgame/page/54
2026-01-15 22:10:53 - __main__ - WARNING - Could not find collection_objectname td in row
2026-01-15 22:10:53 - __main__ - WARNING - Could not find collection_objectname td in row
2026-01-15 22:10:53 - __main__ - WARNING - Could not find collection_objectname td in row
2026-01-15 22:10:53 - __main__ - WARNING - Could not find collection_objectname td in row
2026-01-15 22:10:53 - __main__ - WARNING - Could not find collection_objectname td in row
2026-01-15 22:10:53 - __main__ - WARNING - Could not find collection_objectname td in row
2026-01-15 22:10:53 - __main__ - INFO - Extracted 100 games from page 54
2026-01-15 22:10:53 - __main__ - INFO - Saved 5400 games to data/test_bgg_games.csv
2026-01-15 22:10:55 - __main__ - INFO - Scraping page 55: https://boardgamegeek.com/browse/boardgame/page/55
2026-01-15 22:10:56 - __main__ - WARNING - Could not find collection_objectname td in row
2026-01-15 22:10:56 - __main__ - WARNING - Could not find collection_objectname td in row
2026-01-15 22:10:56 - __main__ - WARNING - Could not find collection_objectname td in row
2026-01-15 22:10:56 - __main__ - WARNING - Could not find collection_objectname td in row
2026-01-15 22:10:56 - __main__ - WARNING - Could not find collection_objectname td in row
2026-01-15 22:10:56 - __main__ - WARNING - Could not find collection_objectname td in row
2026-01-15 22:10:56 - __main__ - INFO - Extracted 100 games from page 55
2026-01-15 22:10:56 - __main__ - INFO - Saved 5500 games to data/test_bgg_games.csv
2026-01-15 22:10:58 - __main__ - INFO - Scraping page 56: https://boardgamegeek.com/browse/boardgame/page/56
2026-01-15 22:11:00 - __main__ - WARNING - Could not find collection_objectname td in row
2026-01-15 22:11:00 - __main__ - WARNING - Could not find collection_objectname td in row
2026-01-15 22:11:00 - __main__ - WARNING - Could not find collection_objectname td in row
2026-01-15 22:11:00 - __main__ - WARNING - Could not find collection_objectname td in row
2026-01-15 22:11:00 - __main__ - WARNING - Could not find collection_objectname td in row
2026-01-15 22:11:00 - __main__ - WARNING - Could not find collection_objectname td in row
2026-01-15 22:11:00 - __main__ - INFO - Extracted 100 games from page 56
2026-01-15 22:11:00 - __main__ - INFO - Saved 5600 games to data/test_bgg_games.csv
2026-01-15 22:11:02 - __main__ - INFO - Scraping page 57: https://boardgamegeek.com/browse/boardgame/page/57
2026-01-15 22:11:03 - __main__ - WARNING - Could not find collection_objectname td in row
2026-01-15 22:11:03 - __main__ - WARNING - Could not find collection_objectname td in row
2026-01-15 22:11:03 - __main__ - WARNING - Could not find collection_objectname td in row
2026-01-15 22:11:03 - __main__ - WARNING - Could not find collection_objectname td in row
2026-01-15 22:11:03 - __main__ - WARNING - Could not find collection_objectname td in row
2026-01-15 22:11:03 - __main__ - WARNING - Could not find collection_objectname td in row
2026-01-15 22:11:03 - __main__ - INFO - Extracted 100 games from page 57
2026-01-15 22:11:03 - __main__ - INFO - Saved 5700 games to data/test_bgg_games.csv
2026-01-15 22:11:05 - __main__ - INFO - Scraping page 58: https://boardgamegeek.com/browse/boardgame/page/58
2026-01-15 22:11:08 - __main__ - WARNING - Could not find collection_objectname td in row
2026-01-15 22:11:08 - __main__ - WARNING - Could not find collection_objectname td in row
2026-01-15 22:11:08 - __main__ - WARNING - Could not find collection_objectname td in row
2026-01-15 22:11:08 - __main__ - WARNING - Could not find collection_objectname td in row
2026-01-15 22:11:08 - __main__ - WARNING - Could not find collection_objectname td in row
2026-01-15 22:11:08 - __main__ - WARNING - Could not find collection_objectname td in row
2026-01-15 22:11:08 - __main__ - INFO - Extracted 100 games from page 58
2026-01-15 22:11:08 - __main__ - INFO - Saved 5800 games to data/test_bgg_games.csv
2026-01-15 22:11:10 - __main__ - INFO - Scraping page 59: https://boardgamegeek.com/browse/boardgame/page/59
2026-01-15 22:11:10 - __main__ - WARNING - 
Scraping interrupted by user. Collected 5800 games so far.
2026-01-15 22:11:10 - __main__ - INFO - 
Saving 5800 collected games before exit...
2026-01-15 22:11:10 - __main__ - INFO - Saved 5800 games to data/test_bgg_games.csv
2026-01-15 22:11:10 - __main__ - INFO - Data saved to data/test_bgg_games.csv. Exiting...
