2026-01-15 21:13:56 - root - INFO - Logging to file: logs/etl_20260115_211356.log
2026-01-15 21:13:56 - __main__ - INFO - Scraping pages 1 to 1
2026-01-15 21:13:56 - __main__ - INFO - Scraping page 1: https://boardgamegeek.com/browse/boardgame/page/1
2026-01-15 21:13:57 - __main__ - WARNING - Error extracting game from row: name 'name_link' is not defined
2026-01-15 21:13:57 - __main__ - WARNING - Could not find game name/link in row: 'NoneType' object has no attribute 'find'
2026-01-15 21:13:57 - __main__ - WARNING - Could not find game name/link in row: 'NoneType' object has no attribute 'find'
2026-01-15 21:13:57 - __main__ - WARNING - Could not find game name/link in row: 'NoneType' object has no attribute 'find'
2026-01-15 21:13:57 - __main__ - WARNING - Could not find game name/link in row: 'NoneType' object has no attribute 'find'
2026-01-15 21:13:57 - __main__ - WARNING - Could not find game name/link in row: 'NoneType' object has no attribute 'find'
2026-01-15 21:13:57 - __main__ - WARNING - Could not find game name/link in row: 'NoneType' object has no attribute 'find'
2026-01-15 21:13:57 - __main__ - WARNING - Could not find game name/link in row: 'NoneType' object has no attribute 'find'
2026-01-15 21:13:57 - __main__ - WARNING - Could not find game name/link in row: 'NoneType' object has no attribute 'find'
2026-01-15 21:13:57 - __main__ - WARNING - Could not find game name/link in row: 'NoneType' object has no attribute 'find'
2026-01-15 21:13:57 - __main__ - WARNING - Could not find game name/link in row: 'NoneType' object has no attribute 'find'
2026-01-15 21:13:57 - __main__ - WARNING - Could not find game name/link in row: 'NoneType' object has no attribute 'find'
2026-01-15 21:13:57 - __main__ - WARNING - Could not find game name/link in row: 'NoneType' object has no attribute 'find'
2026-01-15 21:13:57 - __main__ - WARNING - Could not find game name/link in row: 'NoneType' object has no attribute 'find'
2026-01-15 21:13:57 - __main__ - WARNING - Could not find game name/link in row: 'NoneType' object has no attribute 'find'
2026-01-15 21:13:57 - __main__ - WARNING - Could not find game name/link in row: 'NoneType' object has no attribute 'find'
2026-01-15 21:13:57 - __main__ - WARNING - Could not find game name/link in row: 'NoneType' object has no attribute 'find'
2026-01-15 21:13:57 - __main__ - WARNING - Could not find game name/link in row: 'NoneType' object has no attribute 'find'
2026-01-15 21:13:57 - __main__ - WARNING - Could not find game name/link in row: 'NoneType' object has no attribute 'find'
2026-01-15 21:13:57 - __main__ - WARNING - Could not find game name/link in row: 'NoneType' object has no attribute 'find'
2026-01-15 21:13:57 - __main__ - WARNING - Could not find game name/link in row: 'NoneType' object has no attribute 'find'
2026-01-15 21:13:57 - __main__ - WARNING - Could not find game name/link in row: 'NoneType' object has no attribute 'find'
2026-01-15 21:13:57 - __main__ - WARNING - Could not find game name/link in row: 'NoneType' object has no attribute 'find'
2026-01-15 21:13:57 - __main__ - WARNING - Could not find game name/link in row: 'NoneType' object has no attribute 'find'
2026-01-15 21:13:57 - __main__ - WARNING - Could not find game name/link in row: 'NoneType' object has no attribute 'find'
2026-01-15 21:13:57 - __main__ - WARNING - Could not find game name/link in row: 'NoneType' object has no attribute 'find'
2026-01-15 21:13:57 - __main__ - WARNING - Could not find game name/link in row: 'NoneType' object has no attribute 'find'
2026-01-15 21:13:57 - __main__ - WARNING - Could not find game name/link in row: 'NoneType' object has no attribute 'find'
2026-01-15 21:13:57 - __main__ - WARNING - Could not find game name/link in row: 'NoneType' object has no attribute 'find'
2026-01-15 21:13:57 - __main__ - WARNING - Could not find game name/link in row: 'NoneType' object has no attribute 'find'
2026-01-15 21:13:57 - __main__ - WARNING - Could not find game name/link in row: 'NoneType' object has no attribute 'find'
2026-01-15 21:13:57 - __main__ - WARNING - Could not find game name/link in row: 'NoneType' object has no attribute 'find'
2026-01-15 21:13:57 - __main__ - WARNING - Could not find game name/link in row: 'NoneType' object has no attribute 'find'
2026-01-15 21:13:57 - __main__ - WARNING - Could not find game name/link in row: 'NoneType' object has no attribute 'find'
2026-01-15 21:13:57 - __main__ - WARNING - Could not find game name/link in row: 'NoneType' object has no attribute 'find'
2026-01-15 21:13:57 - __main__ - WARNING - Could not find game name/link in row: 'NoneType' object has no attribute 'find'
2026-01-15 21:13:57 - __main__ - WARNING - Could not find game name/link in row: 'NoneType' object has no attribute 'find'
2026-01-15 21:13:57 - __main__ - WARNING - Could not find game name/link in row: 'NoneType' object has no attribute 'find'
2026-01-15 21:13:57 - __main__ - WARNING - Could not find game name/link in row: 'NoneType' object has no attribute 'find'
2026-01-15 21:13:57 - __main__ - WARNING - Could not find game name/link in row: 'NoneType' object has no attribute 'find'
2026-01-15 21:13:57 - __main__ - WARNING - Could not find game name/link in row: 'NoneType' object has no attribute 'find'
2026-01-15 21:13:57 - __main__ - WARNING - Could not find game name/link in row: 'NoneType' object has no attribute 'find'
2026-01-15 21:13:57 - __main__ - WARNING - Could not find game name/link in row: 'NoneType' object has no attribute 'find'
2026-01-15 21:13:57 - __main__ - WARNING - Could not find game name/link in row: 'NoneType' object has no attribute 'find'
2026-01-15 21:13:57 - __main__ - WARNING - Could not find game name/link in row: 'NoneType' object has no attribute 'find'
2026-01-15 21:13:57 - __main__ - WARNING - Could not find game name/link in row: 'NoneType' object has no attribute 'find'
2026-01-15 21:13:57 - __main__ - WARNING - Could not find game name/link in row: 'NoneType' object has no attribute 'find'
2026-01-15 21:13:57 - __main__ - WARNING - Could not find game name/link in row: 'NoneType' object has no attribute 'find'
2026-01-15 21:13:57 - __main__ - WARNING - Could not find game name/link in row: 'NoneType' object has no attribute 'find'
2026-01-15 21:13:57 - __main__ - WARNING - Could not find game name/link in row: 'NoneType' object has no attribute 'find'
2026-01-15 21:13:57 - __main__ - WARNING - Could not find game name/link in row: 'NoneType' object has no attribute 'find'
2026-01-15 21:13:57 - __main__ - WARNING - Could not find game name/link in row: 'NoneType' object has no attribute 'find'
2026-01-15 21:13:57 - __main__ - WARNING - Could not find game name/link in row: 'NoneType' object has no attribute 'find'
2026-01-15 21:13:57 - __main__ - WARNING - Could not find game name/link in row: 'NoneType' object has no attribute 'find'
2026-01-15 21:13:57 - __main__ - WARNING - Could not find game name/link in row: 'NoneType' object has no attribute 'find'
2026-01-15 21:13:57 - __main__ - WARNING - Could not find game name/link in row: 'NoneType' object has no attribute 'find'
2026-01-15 21:13:57 - __main__ - WARNING - Could not find game name/link in row: 'NoneType' object has no attribute 'find'
2026-01-15 21:13:57 - __main__ - WARNING - Could not find game name/link in row: 'NoneType' object has no attribute 'find'
2026-01-15 21:13:57 - __main__ - WARNING - Could not find game name/link in row: 'NoneType' object has no attribute 'find'
2026-01-15 21:13:57 - __main__ - WARNING - Could not find game name/link in row: 'NoneType' object has no attribute 'find'
2026-01-15 21:13:57 - __main__ - WARNING - Could not find game name/link in row: 'NoneType' object has no attribute 'find'
2026-01-15 21:13:57 - __main__ - WARNING - Could not find game name/link in row: 'NoneType' object has no attribute 'find'
2026-01-15 21:13:57 - __main__ - WARNING - Could not find game name/link in row: 'NoneType' object has no attribute 'find'
2026-01-15 21:13:57 - __main__ - WARNING - Could not find game name/link in row: 'NoneType' object has no attribute 'find'
2026-01-15 21:13:57 - __main__ - WARNING - Could not find game name/link in row: 'NoneType' object has no attribute 'find'
2026-01-15 21:13:57 - __main__ - WARNING - Could not find game name/link in row: 'NoneType' object has no attribute 'find'
2026-01-15 21:13:57 - __main__ - WARNING - Could not find game name/link in row: 'NoneType' object has no attribute 'find'
2026-01-15 21:13:57 - __main__ - WARNING - Could not find game name/link in row: 'NoneType' object has no attribute 'find'
2026-01-15 21:13:57 - __main__ - WARNING - Could not find game name/link in row: 'NoneType' object has no attribute 'find'
2026-01-15 21:13:57 - __main__ - WARNING - Could not find game name/link in row: 'NoneType' object has no attribute 'find'
2026-01-15 21:13:57 - __main__ - WARNING - Could not find game name/link in row: 'NoneType' object has no attribute 'find'
2026-01-15 21:13:57 - __main__ - WARNING - Could not find game name/link in row: 'NoneType' object has no attribute 'find'
2026-01-15 21:13:57 - __main__ - WARNING - Could not find game name/link in row: 'NoneType' object has no attribute 'find'
2026-01-15 21:13:57 - __main__ - WARNING - Could not find game name/link in row: 'NoneType' object has no attribute 'find'
2026-01-15 21:13:57 - __main__ - WARNING - Could not find game name/link in row: 'NoneType' object has no attribute 'find'
2026-01-15 21:13:57 - __main__ - WARNING - Could not find game name/link in row: 'NoneType' object has no attribute 'find'
2026-01-15 21:13:57 - __main__ - WARNING - Could not find game name/link in row: 'NoneType' object has no attribute 'find'
2026-01-15 21:13:57 - __main__ - WARNING - Could not find game name/link in row: 'NoneType' object has no attribute 'find'
2026-01-15 21:13:57 - __main__ - WARNING - Could not find game name/link in row: 'NoneType' object has no attribute 'find'
2026-01-15 21:13:57 - __main__ - WARNING - Could not find game name/link in row: 'NoneType' object has no attribute 'find'
2026-01-15 21:13:57 - __main__ - WARNING - Could not find game name/link in row: 'NoneType' object has no attribute 'find'
2026-01-15 21:13:57 - __main__ - WARNING - Could not find game name/link in row: 'NoneType' object has no attribute 'find'
2026-01-15 21:13:57 - __main__ - WARNING - Could not find game name/link in row: 'NoneType' object has no attribute 'find'
2026-01-15 21:13:57 - __main__ - WARNING - Could not find game name/link in row: 'NoneType' object has no attribute 'find'
2026-01-15 21:13:57 - __main__ - WARNING - Could not find game name/link in row: 'NoneType' object has no attribute 'find'
2026-01-15 21:13:57 - __main__ - WARNING - Could not find game name/link in row: 'NoneType' object has no attribute 'find'
2026-01-15 21:13:57 - __main__ - WARNING - Could not find game name/link in row: 'NoneType' object has no attribute 'find'
2026-01-15 21:13:57 - __main__ - WARNING - Could not find game name/link in row: 'NoneType' object has no attribute 'find'
2026-01-15 21:13:57 - __main__ - WARNING - Could not find game name/link in row: 'NoneType' object has no attribute 'find'
2026-01-15 21:13:57 - __main__ - WARNING - Could not find game name/link in row: 'NoneType' object has no attribute 'find'
2026-01-15 21:13:57 - __main__ - WARNING - Could not find game name/link in row: 'NoneType' object has no attribute 'find'
2026-01-15 21:13:57 - __main__ - WARNING - Could not find game name/link in row: 'NoneType' object has no attribute 'find'
2026-01-15 21:13:57 - __main__ - WARNING - Could not find game name/link in row: 'NoneType' object has no attribute 'find'
2026-01-15 21:13:57 - __main__ - WARNING - Could not find game name/link in row: 'NoneType' object has no attribute 'find'
2026-01-15 21:13:57 - __main__ - WARNING - Could not find game name/link in row: 'NoneType' object has no attribute 'find'
2026-01-15 21:13:57 - __main__ - WARNING - Could not find game name/link in row: 'NoneType' object has no attribute 'find'
2026-01-15 21:13:57 - __main__ - WARNING - Could not find game name/link in row: 'NoneType' object has no attribute 'find'
2026-01-15 21:13:57 - __main__ - WARNING - Could not find game name/link in row: 'NoneType' object has no attribute 'find'
2026-01-15 21:13:57 - __main__ - WARNING - Could not find game name/link in row: 'NoneType' object has no attribute 'find'
2026-01-15 21:13:57 - __main__ - WARNING - Could not find game name/link in row: 'NoneType' object has no attribute 'find'
2026-01-15 21:13:57 - __main__ - WARNING - Could not find game name/link in row: 'NoneType' object has no attribute 'find'
2026-01-15 21:13:57 - __main__ - WARNING - Could not find game name/link in row: 'NoneType' object has no attribute 'find'
2026-01-15 21:13:57 - __main__ - WARNING - Could not find game name/link in row: 'NoneType' object has no attribute 'find'
2026-01-15 21:13:57 - __main__ - WARNING - Could not find game name/link in row: 'NoneType' object has no attribute 'find'
2026-01-15 21:13:57 - __main__ - WARNING - Could not find game name/link in row: 'NoneType' object has no attribute 'find'
2026-01-15 21:13:57 - __main__ - WARNING - Could not find game name/link in row: 'NoneType' object has no attribute 'find'
2026-01-15 21:13:57 - __main__ - INFO - Extracted 0 games from page 1
2026-01-15 21:13:57 - __main__ - INFO - Total games extracted: 0
2026-01-15 21:13:57 - __main__ - WARNING - No games to save
