2026-01-16 12:09:27 - root - INFO - Logging to file: logs/etl_20260116_120927.log
2026-01-16 12:09:27 - __main__ - INFO - Using authenticated requests with provided cookie
2026-01-16 12:09:27 - __main__ - INFO - Scraping pages 200 to 299
2026-01-16 12:09:27 - __main__ - INFO - Scraping page 200: https://boardgamegeek.com/browse/boardgame/page/200
2026-01-16 12:09:32 - __main__ - WARNING - Could not find collection_objectname td in row
2026-01-16 12:09:32 - __main__ - WARNING - Could not find collection_objectname td in row
2026-01-16 12:09:32 - __main__ - WARNING - Could not find collection_objectname td in row
2026-01-16 12:09:32 - __main__ - WARNING - Could not find collection_objectname td in row
2026-01-16 12:09:32 - __main__ - WARNING - Could not find collection_objectname td in row
2026-01-16 12:09:32 - __main__ - WARNING - Could not find collection_objectname td in row
2026-01-16 12:09:32 - __main__ - INFO - Extracted 100 games from page 200
2026-01-16 12:09:32 - __main__ - INFO - Saved 100 games to data/test_bgg_games.csv
2026-01-16 12:09:37 - __main__ - INFO - Scraping page 201: https://boardgamegeek.com/browse/boardgame/page/201
2026-01-16 12:09:40 - __main__ - WARNING - Could not find collection_objectname td in row
2026-01-16 12:09:40 - __main__ - WARNING - Could not find collection_objectname td in row
2026-01-16 12:09:40 - __main__ - WARNING - Could not find collection_objectname td in row
2026-01-16 12:09:40 - __main__ - WARNING - Could not find collection_objectname td in row
2026-01-16 12:09:40 - __main__ - WARNING - Could not find collection_objectname td in row
2026-01-16 12:09:40 - __main__ - WARNING - Could not find collection_objectname td in row
2026-01-16 12:09:40 - __main__ - INFO - Extracted 100 games from page 201
2026-01-16 12:09:40 - __main__ - INFO - Saved 200 games to data/test_bgg_games.csv
2026-01-16 12:09:45 - __main__ - INFO - Scraping page 202: https://boardgamegeek.com/browse/boardgame/page/202
2026-01-16 12:09:47 - __main__ - WARNING - Could not find collection_objectname td in row
2026-01-16 12:09:47 - __main__ - WARNING - Could not find collection_objectname td in row
2026-01-16 12:09:47 - __main__ - WARNING - Could not find collection_objectname td in row
2026-01-16 12:09:47 - __main__ - WARNING - Could not find collection_objectname td in row
2026-01-16 12:09:47 - __main__ - WARNING - Could not find collection_objectname td in row
2026-01-16 12:09:47 - __main__ - WARNING - Could not find collection_objectname td in row
2026-01-16 12:09:47 - __main__ - INFO - Extracted 100 games from page 202
2026-01-16 12:09:47 - __main__ - INFO - Saved 300 games to data/test_bgg_games.csv
2026-01-16 12:09:52 - __main__ - INFO - Scraping page 203: https://boardgamegeek.com/browse/boardgame/page/203
2026-01-16 12:09:57 - __main__ - WARNING - Could not find collection_objectname td in row
2026-01-16 12:09:57 - __main__ - WARNING - Could not find collection_objectname td in row
2026-01-16 12:09:57 - __main__ - WARNING - Could not find collection_objectname td in row
2026-01-16 12:09:57 - __main__ - WARNING - Could not find collection_objectname td in row
2026-01-16 12:09:57 - __main__ - WARNING - Could not find collection_objectname td in row
2026-01-16 12:09:57 - __main__ - WARNING - Could not find collection_objectname td in row
2026-01-16 12:09:57 - __main__ - INFO - Extracted 100 games from page 203
2026-01-16 12:09:57 - __main__ - INFO - Saved 400 games to data/test_bgg_games.csv
2026-01-16 12:10:02 - __main__ - INFO - Scraping page 204: https://boardgamegeek.com/browse/boardgame/page/204
2026-01-16 12:10:03 - __main__ - WARNING - Could not find collection_objectname td in row
2026-01-16 12:10:03 - __main__ - WARNING - Could not find collection_objectname td in row
2026-01-16 12:10:03 - __main__ - WARNING - Could not find collection_objectname td in row
2026-01-16 12:10:03 - __main__ - WARNING - Could not find collection_objectname td in row
2026-01-16 12:10:03 - __main__ - WARNING - Could not find collection_objectname td in row
2026-01-16 12:10:03 - __main__ - WARNING - Could not find collection_objectname td in row
2026-01-16 12:10:03 - __main__ - INFO - Extracted 100 games from page 204
2026-01-16 12:10:03 - __main__ - INFO - Saved 500 games to data/test_bgg_games.csv
2026-01-16 12:10:08 - __main__ - INFO - Scraping page 205: https://boardgamegeek.com/browse/boardgame/page/205
2026-01-16 12:10:10 - __main__ - WARNING - Could not find collection_objectname td in row
2026-01-16 12:10:10 - __main__ - WARNING - Could not find collection_objectname td in row
2026-01-16 12:10:10 - __main__ - WARNING - Could not find collection_objectname td in row
2026-01-16 12:10:10 - __main__ - WARNING - Could not find collection_objectname td in row
2026-01-16 12:10:10 - __main__ - WARNING - Could not find collection_objectname td in row
2026-01-16 12:10:10 - __main__ - WARNING - Could not find collection_objectname td in row
2026-01-16 12:10:10 - __main__ - INFO - Extracted 100 games from page 205
2026-01-16 12:10:10 - __main__ - INFO - Saved 600 games to data/test_bgg_games.csv
2026-01-16 12:10:15 - __main__ - INFO - Scraping page 206: https://boardgamegeek.com/browse/boardgame/page/206
2026-01-16 12:10:16 - __main__ - WARNING - Could not find collection_objectname td in row
2026-01-16 12:10:16 - __main__ - WARNING - Could not find collection_objectname td in row
2026-01-16 12:10:16 - __main__ - WARNING - Could not find collection_objectname td in row
2026-01-16 12:10:16 - __main__ - WARNING - Could not find collection_objectname td in row
2026-01-16 12:10:16 - __main__ - WARNING - Could not find collection_objectname td in row
2026-01-16 12:10:16 - __main__ - WARNING - Could not find collection_objectname td in row
2026-01-16 12:10:16 - __main__ - INFO - Extracted 100 games from page 206
2026-01-16 12:10:16 - __main__ - INFO - Saved 700 games to data/test_bgg_games.csv
2026-01-16 12:10:21 - __main__ - INFO - Scraping page 207: https://boardgamegeek.com/browse/boardgame/page/207
2026-01-16 12:10:24 - __main__ - WARNING - Could not find collection_objectname td in row
2026-01-16 12:10:24 - __main__ - WARNING - Could not find collection_objectname td in row
2026-01-16 12:10:24 - __main__ - WARNING - Could not find collection_objectname td in row
2026-01-16 12:10:24 - __main__ - WARNING - Could not find collection_objectname td in row
2026-01-16 12:10:24 - __main__ - WARNING - Could not find collection_objectname td in row
2026-01-16 12:10:24 - __main__ - WARNING - Could not find collection_objectname td in row
2026-01-16 12:10:24 - __main__ - INFO - Extracted 100 games from page 207
2026-01-16 12:10:24 - __main__ - INFO - Saved 800 games to data/test_bgg_games.csv
2026-01-16 12:10:29 - __main__ - INFO - Scraping page 208: https://boardgamegeek.com/browse/boardgame/page/208
2026-01-16 12:10:32 - __main__ - WARNING - Could not find collection_objectname td in row
2026-01-16 12:10:32 - __main__ - WARNING - Could not find collection_objectname td in row
2026-01-16 12:10:32 - __main__ - WARNING - Could not find collection_objectname td in row
2026-01-16 12:10:32 - __main__ - WARNING - Could not find collection_objectname td in row
2026-01-16 12:10:32 - __main__ - WARNING - Could not find collection_objectname td in row
2026-01-16 12:10:32 - __main__ - WARNING - Could not find collection_objectname td in row
2026-01-16 12:10:32 - __main__ - INFO - Extracted 100 games from page 208
2026-01-16 12:10:33 - __main__ - INFO - Saved 900 games to data/test_bgg_games.csv
2026-01-16 12:10:38 - __main__ - INFO - Scraping page 209: https://boardgamegeek.com/browse/boardgame/page/209
2026-01-16 12:10:39 - __main__ - WARNING - Could not find collection_objectname td in row
2026-01-16 12:10:39 - __main__ - WARNING - Could not find collection_objectname td in row
2026-01-16 12:10:39 - __main__ - WARNING - Could not find collection_objectname td in row
2026-01-16 12:10:39 - __main__ - WARNING - Could not find collection_objectname td in row
2026-01-16 12:10:39 - __main__ - WARNING - Could not find collection_objectname td in row
2026-01-16 12:10:39 - __main__ - WARNING - Could not find collection_objectname td in row
2026-01-16 12:10:39 - __main__ - INFO - Extracted 100 games from page 209
2026-01-16 12:10:39 - __main__ - INFO - Saved 1000 games to data/test_bgg_games.csv
2026-01-16 12:10:44 - __main__ - INFO - Scraping page 210: https://boardgamegeek.com/browse/boardgame/page/210
2026-01-16 12:10:46 - __main__ - WARNING - Could not find collection_objectname td in row
2026-01-16 12:10:46 - __main__ - WARNING - Could not find collection_objectname td in row
2026-01-16 12:10:46 - __main__ - WARNING - Could not find collection_objectname td in row
2026-01-16 12:10:46 - __main__ - WARNING - Could not find collection_objectname td in row
2026-01-16 12:10:46 - __main__ - WARNING - Could not find collection_objectname td in row
2026-01-16 12:10:46 - __main__ - WARNING - Could not find collection_objectname td in row
2026-01-16 12:10:46 - __main__ - INFO - Extracted 100 games from page 210
2026-01-16 12:10:46 - __main__ - INFO - Saved 1100 games to data/test_bgg_games.csv
2026-01-16 12:10:51 - __main__ - INFO - Scraping page 211: https://boardgamegeek.com/browse/boardgame/page/211
2026-01-16 12:10:52 - __main__ - WARNING - Could not find collection_objectname td in row
2026-01-16 12:10:52 - __main__ - WARNING - Could not find collection_objectname td in row
2026-01-16 12:10:52 - __main__ - WARNING - Could not find collection_objectname td in row
2026-01-16 12:10:52 - __main__ - WARNING - Could not find collection_objectname td in row
2026-01-16 12:10:52 - __main__ - WARNING - Could not find collection_objectname td in row
2026-01-16 12:10:52 - __main__ - WARNING - Could not find collection_objectname td in row
2026-01-16 12:10:52 - __main__ - INFO - Extracted 100 games from page 211
2026-01-16 12:10:52 - __main__ - INFO - Saved 1200 games to data/test_bgg_games.csv
2026-01-16 12:10:57 - __main__ - INFO - Scraping page 212: https://boardgamegeek.com/browse/boardgame/page/212
2026-01-16 12:11:00 - __main__ - WARNING - Could not find collection_objectname td in row
2026-01-16 12:11:00 - __main__ - WARNING - Could not find collection_objectname td in row
2026-01-16 12:11:00 - __main__ - WARNING - Could not find collection_objectname td in row
2026-01-16 12:11:00 - __main__ - WARNING - Could not find collection_objectname td in row
2026-01-16 12:11:00 - __main__ - WARNING - Could not find collection_objectname td in row
2026-01-16 12:11:00 - __main__ - WARNING - Could not find collection_objectname td in row
2026-01-16 12:11:00 - __main__ - INFO - Extracted 100 games from page 212
2026-01-16 12:11:00 - __main__ - INFO - Saved 1300 games to data/test_bgg_games.csv
2026-01-16 12:11:05 - __main__ - INFO - Scraping page 213: https://boardgamegeek.com/browse/boardgame/page/213
2026-01-16 12:11:08 - __main__ - WARNING - Could not find collection_objectname td in row
2026-01-16 12:11:08 - __main__ - WARNING - Could not find collection_objectname td in row
2026-01-16 12:11:08 - __main__ - WARNING - Could not find collection_objectname td in row
2026-01-16 12:11:08 - __main__ - WARNING - Could not find collection_objectname td in row
2026-01-16 12:11:08 - __main__ - WARNING - Could not find collection_objectname td in row
2026-01-16 12:11:08 - __main__ - WARNING - Could not find collection_objectname td in row
2026-01-16 12:11:08 - __main__ - INFO - Extracted 100 games from page 213
2026-01-16 12:11:08 - __main__ - INFO - Saved 1400 games to data/test_bgg_games.csv
2026-01-16 12:11:13 - __main__ - INFO - Scraping page 214: https://boardgamegeek.com/browse/boardgame/page/214
2026-01-16 12:11:14 - __main__ - WARNING - Could not find collection_objectname td in row
2026-01-16 12:11:14 - __main__ - WARNING - Could not find collection_objectname td in row
2026-01-16 12:11:14 - __main__ - WARNING - Could not find collection_objectname td in row
2026-01-16 12:11:14 - __main__ - WARNING - Could not find collection_objectname td in row
2026-01-16 12:11:14 - __main__ - WARNING - Could not find collection_objectname td in row
2026-01-16 12:11:14 - __main__ - WARNING - Could not find collection_objectname td in row
2026-01-16 12:11:14 - __main__ - INFO - Extracted 100 games from page 214
2026-01-16 12:11:14 - __main__ - INFO - Saved 1500 games to data/test_bgg_games.csv
2026-01-16 12:11:19 - __main__ - INFO - Scraping page 215: https://boardgamegeek.com/browse/boardgame/page/215
2026-01-16 12:11:23 - __main__ - WARNING - Could not find collection_objectname td in row
2026-01-16 12:11:23 - __main__ - WARNING - Could not find collection_objectname td in row
2026-01-16 12:11:23 - __main__ - WARNING - Could not find collection_objectname td in row
2026-01-16 12:11:23 - __main__ - WARNING - Could not find collection_objectname td in row
2026-01-16 12:11:23 - __main__ - WARNING - Could not find collection_objectname td in row
2026-01-16 12:11:23 - __main__ - WARNING - Could not find collection_objectname td in row
2026-01-16 12:11:23 - __main__ - INFO - Extracted 100 games from page 215
2026-01-16 12:11:23 - __main__ - INFO - Saved 1600 games to data/test_bgg_games.csv
2026-01-16 12:11:28 - __main__ - INFO - Scraping page 216: https://boardgamegeek.com/browse/boardgame/page/216
2026-01-16 12:11:30 - __main__ - WARNING - Could not find collection_objectname td in row
2026-01-16 12:11:30 - __main__ - WARNING - Could not find collection_objectname td in row
2026-01-16 12:11:30 - __main__ - WARNING - Could not find collection_objectname td in row
2026-01-16 12:11:30 - __main__ - WARNING - Could not find collection_objectname td in row
2026-01-16 12:11:30 - __main__ - WARNING - Could not find collection_objectname td in row
2026-01-16 12:11:30 - __main__ - WARNING - Could not find collection_objectname td in row
2026-01-16 12:11:30 - __main__ - INFO - Extracted 100 games from page 216
2026-01-16 12:11:30 - __main__ - INFO - Saved 1700 games to data/test_bgg_games.csv
2026-01-16 12:11:35 - __main__ - INFO - Scraping page 217: https://boardgamegeek.com/browse/boardgame/page/217
2026-01-16 12:11:38 - __main__ - WARNING - Could not find collection_objectname td in row
2026-01-16 12:11:38 - __main__ - WARNING - Could not find collection_objectname td in row
2026-01-16 12:11:38 - __main__ - WARNING - Could not find collection_objectname td in row
2026-01-16 12:11:38 - __main__ - WARNING - Could not find collection_objectname td in row
2026-01-16 12:11:38 - __main__ - WARNING - Could not find collection_objectname td in row
2026-01-16 12:11:38 - __main__ - WARNING - Could not find collection_objectname td in row
2026-01-16 12:11:38 - __main__ - INFO - Extracted 100 games from page 217
2026-01-16 12:11:38 - __main__ - INFO - Saved 1800 games to data/test_bgg_games.csv
2026-01-16 12:11:43 - __main__ - INFO - Scraping page 218: https://boardgamegeek.com/browse/boardgame/page/218
2026-01-16 12:11:46 - __main__ - WARNING - Could not find collection_objectname td in row
2026-01-16 12:11:46 - __main__ - WARNING - Could not find collection_objectname td in row
2026-01-16 12:11:46 - __main__ - WARNING - Could not find collection_objectname td in row
2026-01-16 12:11:46 - __main__ - WARNING - Could not find collection_objectname td in row
2026-01-16 12:11:46 - __main__ - WARNING - Could not find collection_objectname td in row
2026-01-16 12:11:46 - __main__ - WARNING - Could not find collection_objectname td in row
2026-01-16 12:11:46 - __main__ - INFO - Extracted 100 games from page 218
2026-01-16 12:11:46 - __main__ - INFO - Saved 1900 games to data/test_bgg_games.csv
2026-01-16 12:11:51 - __main__ - INFO - Scraping page 219: https://boardgamegeek.com/browse/boardgame/page/219
2026-01-16 12:11:52 - __main__ - WARNING - Could not find collection_objectname td in row
2026-01-16 12:11:52 - __main__ - WARNING - Could not find collection_objectname td in row
2026-01-16 12:11:52 - __main__ - WARNING - Could not find collection_objectname td in row
2026-01-16 12:11:52 - __main__ - WARNING - Could not find collection_objectname td in row
2026-01-16 12:11:52 - __main__ - WARNING - Could not find collection_objectname td in row
2026-01-16 12:11:52 - __main__ - WARNING - Could not find collection_objectname td in row
2026-01-16 12:11:52 - __main__ - INFO - Extracted 100 games from page 219
2026-01-16 12:11:52 - __main__ - INFO - Saved 2000 games to data/test_bgg_games.csv
2026-01-16 12:11:57 - __main__ - INFO - Scraping page 220: https://boardgamegeek.com/browse/boardgame/page/220
2026-01-16 12:11:59 - __main__ - WARNING - Could not find collection_objectname td in row
2026-01-16 12:11:59 - __main__ - WARNING - Could not find collection_objectname td in row
2026-01-16 12:11:59 - __main__ - WARNING - Could not find collection_objectname td in row
2026-01-16 12:11:59 - __main__ - WARNING - Could not find collection_objectname td in row
2026-01-16 12:11:59 - __main__ - WARNING - Could not find collection_objectname td in row
2026-01-16 12:11:59 - __main__ - WARNING - Could not find collection_objectname td in row
2026-01-16 12:11:59 - __main__ - INFO - Extracted 100 games from page 220
2026-01-16 12:11:59 - __main__ - INFO - Saved 2100 games to data/test_bgg_games.csv
2026-01-16 12:12:04 - __main__ - INFO - Scraping page 221: https://boardgamegeek.com/browse/boardgame/page/221
2026-01-16 12:12:06 - __main__ - WARNING - Could not find collection_objectname td in row
2026-01-16 12:12:06 - __main__ - WARNING - Could not find collection_objectname td in row
2026-01-16 12:12:06 - __main__ - WARNING - Could not find collection_objectname td in row
2026-01-16 12:12:06 - __main__ - WARNING - Could not find collection_objectname td in row
2026-01-16 12:12:06 - __main__ - WARNING - Could not find collection_objectname td in row
2026-01-16 12:12:06 - __main__ - WARNING - Could not find collection_objectname td in row
2026-01-16 12:12:06 - __main__ - INFO - Extracted 100 games from page 221
2026-01-16 12:12:06 - __main__ - INFO - Saved 2200 games to data/test_bgg_games.csv
2026-01-16 12:12:11 - __main__ - INFO - Scraping page 222: https://boardgamegeek.com/browse/boardgame/page/222
2026-01-16 12:12:12 - __main__ - WARNING - Could not find collection_objectname td in row
2026-01-16 12:12:12 - __main__ - WARNING - Could not find collection_objectname td in row
2026-01-16 12:12:12 - __main__ - WARNING - Could not find collection_objectname td in row
2026-01-16 12:12:12 - __main__ - WARNING - Could not find collection_objectname td in row
2026-01-16 12:12:12 - __main__ - WARNING - Could not find collection_objectname td in row
2026-01-16 12:12:12 - __main__ - WARNING - Could not find collection_objectname td in row
2026-01-16 12:12:12 - __main__ - INFO - Extracted 100 games from page 222
2026-01-16 12:12:12 - __main__ - INFO - Saved 2300 games to data/test_bgg_games.csv
2026-01-16 12:12:17 - __main__ - INFO - Scraping page 223: https://boardgamegeek.com/browse/boardgame/page/223
2026-01-16 12:12:19 - __main__ - WARNING - Could not find collection_objectname td in row
2026-01-16 12:12:19 - __main__ - WARNING - Could not find collection_objectname td in row
2026-01-16 12:12:19 - __main__ - WARNING - Could not find collection_objectname td in row
2026-01-16 12:12:19 - __main__ - WARNING - Could not find collection_objectname td in row
2026-01-16 12:12:19 - __main__ - WARNING - Could not find collection_objectname td in row
2026-01-16 12:12:19 - __main__ - WARNING - Could not find collection_objectname td in row
2026-01-16 12:12:19 - __main__ - INFO - Extracted 100 games from page 223
2026-01-16 12:12:19 - __main__ - INFO - Saved 2400 games to data/test_bgg_games.csv
2026-01-16 12:12:24 - __main__ - INFO - Scraping page 224: https://boardgamegeek.com/browse/boardgame/page/224
2026-01-16 12:12:26 - __main__ - WARNING - Could not find collection_objectname td in row
2026-01-16 12:12:26 - __main__ - WARNING - Could not find collection_objectname td in row
2026-01-16 12:12:26 - __main__ - WARNING - Could not find collection_objectname td in row
2026-01-16 12:12:26 - __main__ - WARNING - Could not find collection_objectname td in row
2026-01-16 12:12:26 - __main__ - WARNING - Could not find collection_objectname td in row
2026-01-16 12:12:26 - __main__ - WARNING - Could not find collection_objectname td in row
2026-01-16 12:12:26 - __main__ - INFO - Extracted 100 games from page 224
2026-01-16 12:12:26 - __main__ - INFO - Saved 2500 games to data/test_bgg_games.csv
2026-01-16 12:12:31 - __main__ - INFO - Scraping page 225: https://boardgamegeek.com/browse/boardgame/page/225
2026-01-16 12:12:35 - __main__ - WARNING - Could not find collection_objectname td in row
2026-01-16 12:12:35 - __main__ - WARNING - Could not find collection_objectname td in row
2026-01-16 12:12:35 - __main__ - WARNING - Could not find collection_objectname td in row
2026-01-16 12:12:35 - __main__ - WARNING - Could not find collection_objectname td in row
2026-01-16 12:12:35 - __main__ - WARNING - Could not find collection_objectname td in row
2026-01-16 12:12:35 - __main__ - WARNING - Could not find collection_objectname td in row
2026-01-16 12:12:35 - __main__ - INFO - Extracted 100 games from page 225
2026-01-16 12:12:35 - __main__ - INFO - Saved 2600 games to data/test_bgg_games.csv
2026-01-16 12:12:40 - __main__ - INFO - Scraping page 226: https://boardgamegeek.com/browse/boardgame/page/226
2026-01-16 12:12:41 - __main__ - WARNING - Could not find collection_objectname td in row
2026-01-16 12:12:41 - __main__ - WARNING - Could not find collection_objectname td in row
2026-01-16 12:12:41 - __main__ - WARNING - Could not find collection_objectname td in row
2026-01-16 12:12:41 - __main__ - WARNING - Could not find collection_objectname td in row
2026-01-16 12:12:41 - __main__ - WARNING - Could not find collection_objectname td in row
2026-01-16 12:12:41 - __main__ - WARNING - Could not find collection_objectname td in row
2026-01-16 12:12:41 - __main__ - INFO - Extracted 100 games from page 226
2026-01-16 12:12:41 - __main__ - INFO - Saved 2700 games to data/test_bgg_games.csv
2026-01-16 12:12:46 - __main__ - INFO - Scraping page 227: https://boardgamegeek.com/browse/boardgame/page/227
2026-01-16 12:12:49 - __main__ - WARNING - Could not find collection_objectname td in row
2026-01-16 12:12:49 - __main__ - WARNING - Could not find collection_objectname td in row
2026-01-16 12:12:49 - __main__ - WARNING - Could not find collection_objectname td in row
2026-01-16 12:12:49 - __main__ - WARNING - Could not find collection_objectname td in row
2026-01-16 12:12:49 - __main__ - WARNING - Could not find collection_objectname td in row
2026-01-16 12:12:49 - __main__ - WARNING - Could not find collection_objectname td in row
2026-01-16 12:12:49 - __main__ - INFO - Extracted 100 games from page 227
2026-01-16 12:12:49 - __main__ - INFO - Saved 2800 games to data/test_bgg_games.csv
2026-01-16 12:12:54 - __main__ - INFO - Scraping page 228: https://boardgamegeek.com/browse/boardgame/page/228
2026-01-16 12:12:56 - __main__ - WARNING - Could not find collection_objectname td in row
2026-01-16 12:12:56 - __main__ - WARNING - Could not find collection_objectname td in row
2026-01-16 12:12:56 - __main__ - WARNING - Could not find collection_objectname td in row
2026-01-16 12:12:56 - __main__ - WARNING - Could not find collection_objectname td in row
2026-01-16 12:12:56 - __main__ - WARNING - Could not find collection_objectname td in row
2026-01-16 12:12:56 - __main__ - WARNING - Could not find collection_objectname td in row
2026-01-16 12:12:56 - __main__ - INFO - Extracted 100 games from page 228
2026-01-16 12:12:56 - __main__ - INFO - Saved 2900 games to data/test_bgg_games.csv
2026-01-16 12:13:01 - __main__ - INFO - Scraping page 229: https://boardgamegeek.com/browse/boardgame/page/229
2026-01-16 12:13:03 - __main__ - WARNING - Could not find collection_objectname td in row
2026-01-16 12:13:03 - __main__ - WARNING - Could not find collection_objectname td in row
2026-01-16 12:13:03 - __main__ - WARNING - Could not find collection_objectname td in row
2026-01-16 12:13:03 - __main__ - WARNING - Could not find collection_objectname td in row
2026-01-16 12:13:03 - __main__ - WARNING - Could not find collection_objectname td in row
2026-01-16 12:13:03 - __main__ - WARNING - Could not find collection_objectname td in row
2026-01-16 12:13:03 - __main__ - INFO - Extracted 100 games from page 229
2026-01-16 12:13:03 - __main__ - INFO - Saved 3000 games to data/test_bgg_games.csv
2026-01-16 12:13:08 - __main__ - INFO - Scraping page 230: https://boardgamegeek.com/browse/boardgame/page/230
2026-01-16 12:13:09 - __main__ - WARNING - Could not find collection_objectname td in row
2026-01-16 12:13:09 - __main__ - WARNING - Could not find collection_objectname td in row
2026-01-16 12:13:09 - __main__ - WARNING - Could not find collection_objectname td in row
2026-01-16 12:13:09 - __main__ - WARNING - Could not find collection_objectname td in row
2026-01-16 12:13:09 - __main__ - WARNING - Could not find collection_objectname td in row
2026-01-16 12:13:09 - __main__ - WARNING - Could not find collection_objectname td in row
2026-01-16 12:13:09 - __main__ - INFO - Extracted 100 games from page 230
2026-01-16 12:13:09 - __main__ - INFO - Saved 3100 games to data/test_bgg_games.csv
2026-01-16 12:13:14 - __main__ - INFO - Scraping page 231: https://boardgamegeek.com/browse/boardgame/page/231
2026-01-16 12:13:17 - __main__ - WARNING - Could not find collection_objectname td in row
2026-01-16 12:13:17 - __main__ - WARNING - Could not find collection_objectname td in row
2026-01-16 12:13:17 - __main__ - WARNING - Could not find collection_objectname td in row
2026-01-16 12:13:17 - __main__ - WARNING - Could not find collection_objectname td in row
2026-01-16 12:13:17 - __main__ - WARNING - Could not find collection_objectname td in row
2026-01-16 12:13:17 - __main__ - WARNING - Could not find collection_objectname td in row
2026-01-16 12:13:17 - __main__ - INFO - Extracted 100 games from page 231
2026-01-16 12:13:17 - __main__ - INFO - Saved 3200 games to data/test_bgg_games.csv
2026-01-16 12:13:22 - __main__ - INFO - Scraping page 232: https://boardgamegeek.com/browse/boardgame/page/232
2026-01-16 12:13:24 - __main__ - WARNING - Could not find collection_objectname td in row
2026-01-16 12:13:24 - __main__ - WARNING - Could not find collection_objectname td in row
2026-01-16 12:13:24 - __main__ - WARNING - Could not find collection_objectname td in row
2026-01-16 12:13:24 - __main__ - WARNING - Could not find collection_objectname td in row
2026-01-16 12:13:24 - __main__ - WARNING - Could not find collection_objectname td in row
2026-01-16 12:13:24 - __main__ - WARNING - Could not find collection_objectname td in row
2026-01-16 12:13:24 - __main__ - INFO - Extracted 100 games from page 232
2026-01-16 12:13:24 - __main__ - INFO - Saved 3300 games to data/test_bgg_games.csv
2026-01-16 12:13:29 - __main__ - INFO - Scraping page 233: https://boardgamegeek.com/browse/boardgame/page/233
2026-01-16 12:13:30 - __main__ - WARNING - Could not find collection_objectname td in row
2026-01-16 12:13:30 - __main__ - WARNING - Could not find collection_objectname td in row
2026-01-16 12:13:30 - __main__ - WARNING - Could not find collection_objectname td in row
2026-01-16 12:13:30 - __main__ - WARNING - Could not find collection_objectname td in row
2026-01-16 12:13:30 - __main__ - WARNING - Could not find collection_objectname td in row
2026-01-16 12:13:30 - __main__ - WARNING - Could not find collection_objectname td in row
2026-01-16 12:13:30 - __main__ - INFO - Extracted 100 games from page 233
2026-01-16 12:13:30 - __main__ - INFO - Saved 3400 games to data/test_bgg_games.csv
2026-01-16 12:13:35 - __main__ - INFO - Scraping page 234: https://boardgamegeek.com/browse/boardgame/page/234
2026-01-16 12:13:37 - __main__ - WARNING - Could not find collection_objectname td in row
2026-01-16 12:13:37 - __main__ - WARNING - Could not find collection_objectname td in row
2026-01-16 12:13:37 - __main__ - WARNING - Could not find collection_objectname td in row
2026-01-16 12:13:37 - __main__ - WARNING - Could not find collection_objectname td in row
2026-01-16 12:13:37 - __main__ - WARNING - Could not find collection_objectname td in row
2026-01-16 12:13:37 - __main__ - WARNING - Could not find collection_objectname td in row
2026-01-16 12:13:37 - __main__ - INFO - Extracted 100 games from page 234
2026-01-16 12:13:37 - __main__ - INFO - Saved 3500 games to data/test_bgg_games.csv
2026-01-16 12:13:42 - __main__ - INFO - Scraping page 235: https://boardgamegeek.com/browse/boardgame/page/235
2026-01-16 12:13:43 - __main__ - WARNING - Could not find collection_objectname td in row
2026-01-16 12:13:43 - __main__ - WARNING - Could not find collection_objectname td in row
2026-01-16 12:13:43 - __main__ - WARNING - Could not find collection_objectname td in row
2026-01-16 12:13:43 - __main__ - WARNING - Could not find collection_objectname td in row
2026-01-16 12:13:43 - __main__ - WARNING - Could not find collection_objectname td in row
2026-01-16 12:13:43 - __main__ - WARNING - Could not find collection_objectname td in row
2026-01-16 12:13:43 - __main__ - INFO - Extracted 100 games from page 235
2026-01-16 12:13:43 - __main__ - INFO - Saved 3600 games to data/test_bgg_games.csv
2026-01-16 12:13:48 - __main__ - INFO - Scraping page 236: https://boardgamegeek.com/browse/boardgame/page/236
2026-01-16 12:13:51 - __main__ - WARNING - Could not find collection_objectname td in row
2026-01-16 12:13:51 - __main__ - WARNING - Could not find collection_objectname td in row
2026-01-16 12:13:51 - __main__ - WARNING - Could not find collection_objectname td in row
2026-01-16 12:13:51 - __main__ - WARNING - Could not find collection_objectname td in row
2026-01-16 12:13:52 - __main__ - WARNING - Could not find collection_objectname td in row
2026-01-16 12:13:52 - __main__ - WARNING - Could not find collection_objectname td in row
2026-01-16 12:13:52 - __main__ - INFO - Extracted 100 games from page 236
2026-01-16 12:13:52 - __main__ - INFO - Saved 3700 games to data/test_bgg_games.csv
2026-01-16 12:13:57 - __main__ - INFO - Scraping page 237: https://boardgamegeek.com/browse/boardgame/page/237
2026-01-16 12:13:58 - __main__ - WARNING - Could not find collection_objectname td in row
2026-01-16 12:13:58 - __main__ - WARNING - Could not find collection_objectname td in row
2026-01-16 12:13:58 - __main__ - WARNING - Could not find collection_objectname td in row
2026-01-16 12:13:58 - __main__ - WARNING - Could not find collection_objectname td in row
2026-01-16 12:13:58 - __main__ - WARNING - Could not find collection_objectname td in row
2026-01-16 12:13:58 - __main__ - WARNING - Could not find collection_objectname td in row
2026-01-16 12:13:58 - __main__ - INFO - Extracted 100 games from page 237
2026-01-16 12:13:58 - __main__ - INFO - Saved 3800 games to data/test_bgg_games.csv
2026-01-16 12:14:03 - __main__ - INFO - Scraping page 238: https://boardgamegeek.com/browse/boardgame/page/238
2026-01-16 12:14:05 - __main__ - WARNING - Could not find collection_objectname td in row
2026-01-16 12:14:05 - __main__ - WARNING - Could not find collection_objectname td in row
2026-01-16 12:14:05 - __main__ - WARNING - Could not find collection_objectname td in row
2026-01-16 12:14:05 - __main__ - WARNING - Could not find collection_objectname td in row
2026-01-16 12:14:05 - __main__ - WARNING - Could not find collection_objectname td in row
2026-01-16 12:14:05 - __main__ - WARNING - Could not find collection_objectname td in row
2026-01-16 12:14:05 - __main__ - INFO - Extracted 100 games from page 238
2026-01-16 12:14:05 - __main__ - INFO - Saved 3900 games to data/test_bgg_games.csv
2026-01-16 12:14:10 - __main__ - INFO - Scraping page 239: https://boardgamegeek.com/browse/boardgame/page/239
2026-01-16 12:14:11 - __main__ - WARNING - Could not find collection_objectname td in row
2026-01-16 12:14:11 - __main__ - WARNING - Could not find collection_objectname td in row
2026-01-16 12:14:11 - __main__ - WARNING - Could not find collection_objectname td in row
2026-01-16 12:14:11 - __main__ - WARNING - Could not find collection_objectname td in row
2026-01-16 12:14:11 - __main__ - WARNING - Could not find collection_objectname td in row
2026-01-16 12:14:11 - __main__ - WARNING - Could not find collection_objectname td in row
2026-01-16 12:14:11 - __main__ - INFO - Extracted 100 games from page 239
2026-01-16 12:14:11 - __main__ - INFO - Saved 4000 games to data/test_bgg_games.csv
2026-01-16 12:14:16 - __main__ - INFO - Scraping page 240: https://boardgamegeek.com/browse/boardgame/page/240
2026-01-16 12:14:20 - __main__ - WARNING - Could not find collection_objectname td in row
2026-01-16 12:14:20 - __main__ - WARNING - Could not find collection_objectname td in row
2026-01-16 12:14:20 - __main__ - WARNING - Could not find collection_objectname td in row
2026-01-16 12:14:20 - __main__ - WARNING - Could not find collection_objectname td in row
2026-01-16 12:14:20 - __main__ - WARNING - Could not find collection_objectname td in row
2026-01-16 12:14:20 - __main__ - WARNING - Could not find collection_objectname td in row
2026-01-16 12:14:20 - __main__ - INFO - Extracted 100 games from page 240
2026-01-16 12:14:21 - __main__ - INFO - Saved 4100 games to data/test_bgg_games.csv
2026-01-16 12:14:26 - __main__ - INFO - Scraping page 241: https://boardgamegeek.com/browse/boardgame/page/241
2026-01-16 12:14:30 - __main__ - WARNING - Could not find collection_objectname td in row
2026-01-16 12:14:30 - __main__ - WARNING - Could not find collection_objectname td in row
2026-01-16 12:14:30 - __main__ - WARNING - Could not find collection_objectname td in row
2026-01-16 12:14:30 - __main__ - WARNING - Could not find collection_objectname td in row
2026-01-16 12:14:30 - __main__ - WARNING - Could not find collection_objectname td in row
2026-01-16 12:14:30 - __main__ - WARNING - Could not find collection_objectname td in row
2026-01-16 12:14:30 - __main__ - INFO - Extracted 100 games from page 241
2026-01-16 12:14:30 - __main__ - INFO - Saved 4200 games to data/test_bgg_games.csv
2026-01-16 12:14:35 - __main__ - INFO - Scraping page 242: https://boardgamegeek.com/browse/boardgame/page/242
2026-01-16 12:14:41 - __main__ - WARNING - Could not find collection_objectname td in row
2026-01-16 12:14:41 - __main__ - WARNING - Could not find collection_objectname td in row
2026-01-16 12:14:41 - __main__ - WARNING - Could not find collection_objectname td in row
2026-01-16 12:14:41 - __main__ - WARNING - Could not find collection_objectname td in row
2026-01-16 12:14:41 - __main__ - WARNING - Could not find collection_objectname td in row
2026-01-16 12:14:41 - __main__ - WARNING - Could not find collection_objectname td in row
2026-01-16 12:14:41 - __main__ - INFO - Extracted 100 games from page 242
2026-01-16 12:14:41 - __main__ - INFO - Saved 4300 games to data/test_bgg_games.csv
2026-01-16 12:14:46 - __main__ - INFO - Scraping page 243: https://boardgamegeek.com/browse/boardgame/page/243
2026-01-16 12:14:47 - __main__ - WARNING - Could not find collection_objectname td in row
2026-01-16 12:14:47 - __main__ - WARNING - Could not find collection_objectname td in row
2026-01-16 12:14:47 - __main__ - WARNING - Could not find collection_objectname td in row
2026-01-16 12:14:47 - __main__ - WARNING - Could not find collection_objectname td in row
2026-01-16 12:14:47 - __main__ - WARNING - Could not find collection_objectname td in row
2026-01-16 12:14:47 - __main__ - WARNING - Could not find collection_objectname td in row
2026-01-16 12:14:47 - __main__ - INFO - Extracted 100 games from page 243
2026-01-16 12:14:47 - __main__ - INFO - Saved 4400 games to data/test_bgg_games.csv
2026-01-16 12:14:52 - __main__ - INFO - Scraping page 244: https://boardgamegeek.com/browse/boardgame/page/244
2026-01-16 12:14:58 - __main__ - WARNING - Could not find collection_objectname td in row
2026-01-16 12:14:58 - __main__ - WARNING - Could not find collection_objectname td in row
2026-01-16 12:14:58 - __main__ - WARNING - Could not find collection_objectname td in row
2026-01-16 12:14:58 - __main__ - WARNING - Could not find collection_objectname td in row
2026-01-16 12:14:58 - __main__ - WARNING - Could not find collection_objectname td in row
2026-01-16 12:14:58 - __main__ - WARNING - Could not find collection_objectname td in row
2026-01-16 12:14:58 - __main__ - INFO - Extracted 100 games from page 244
2026-01-16 12:14:58 - __main__ - INFO - Saved 4500 games to data/test_bgg_games.csv
2026-01-16 12:15:03 - __main__ - INFO - Scraping page 245: https://boardgamegeek.com/browse/boardgame/page/245
2026-01-16 12:15:04 - __main__ - WARNING - Could not find collection_objectname td in row
2026-01-16 12:15:04 - __main__ - WARNING - Could not find collection_objectname td in row
2026-01-16 12:15:04 - __main__ - WARNING - Could not find collection_objectname td in row
2026-01-16 12:15:04 - __main__ - WARNING - Could not find collection_objectname td in row
2026-01-16 12:15:04 - __main__ - WARNING - Could not find collection_objectname td in row
2026-01-16 12:15:04 - __main__ - WARNING - Could not find collection_objectname td in row
2026-01-16 12:15:04 - __main__ - INFO - Extracted 100 games from page 245
2026-01-16 12:15:04 - __main__ - INFO - Saved 4600 games to data/test_bgg_games.csv
2026-01-16 12:15:09 - __main__ - INFO - Scraping page 246: https://boardgamegeek.com/browse/boardgame/page/246
2026-01-16 12:15:11 - __main__ - WARNING - Could not find collection_objectname td in row
2026-01-16 12:15:11 - __main__ - WARNING - Could not find collection_objectname td in row
2026-01-16 12:15:11 - __main__ - WARNING - Could not find collection_objectname td in row
2026-01-16 12:15:11 - __main__ - WARNING - Could not find collection_objectname td in row
2026-01-16 12:15:11 - __main__ - WARNING - Could not find collection_objectname td in row
2026-01-16 12:15:11 - __main__ - WARNING - Could not find collection_objectname td in row
2026-01-16 12:15:11 - __main__ - INFO - Extracted 100 games from page 246
2026-01-16 12:15:11 - __main__ - INFO - Saved 4700 games to data/test_bgg_games.csv
2026-01-16 12:15:16 - __main__ - INFO - Scraping page 247: https://boardgamegeek.com/browse/boardgame/page/247
2026-01-16 12:15:18 - __main__ - WARNING - Could not find collection_objectname td in row
2026-01-16 12:15:18 - __main__ - WARNING - Could not find collection_objectname td in row
2026-01-16 12:15:18 - __main__ - WARNING - Could not find collection_objectname td in row
2026-01-16 12:15:18 - __main__ - WARNING - Could not find collection_objectname td in row
2026-01-16 12:15:18 - __main__ - WARNING - Could not find collection_objectname td in row
2026-01-16 12:15:18 - __main__ - WARNING - Could not find collection_objectname td in row
2026-01-16 12:15:18 - __main__ - INFO - Extracted 100 games from page 247
2026-01-16 12:15:18 - __main__ - INFO - Saved 4800 games to data/test_bgg_games.csv
2026-01-16 12:15:23 - __main__ - INFO - Scraping page 248: https://boardgamegeek.com/browse/boardgame/page/248
2026-01-16 12:15:24 - __main__ - WARNING - Could not find collection_objectname td in row
2026-01-16 12:15:24 - __main__ - WARNING - Could not find collection_objectname td in row
2026-01-16 12:15:24 - __main__ - WARNING - Could not find collection_objectname td in row
2026-01-16 12:15:24 - __main__ - WARNING - Could not find collection_objectname td in row
2026-01-16 12:15:24 - __main__ - WARNING - Could not find collection_objectname td in row
2026-01-16 12:15:24 - __main__ - WARNING - Could not find collection_objectname td in row
2026-01-16 12:15:24 - __main__ - INFO - Extracted 100 games from page 248
2026-01-16 12:15:24 - __main__ - INFO - Saved 4900 games to data/test_bgg_games.csv
2026-01-16 12:15:29 - __main__ - INFO - Scraping page 249: https://boardgamegeek.com/browse/boardgame/page/249
2026-01-16 12:15:31 - __main__ - WARNING - Could not find collection_objectname td in row
2026-01-16 12:15:31 - __main__ - WARNING - Could not find collection_objectname td in row
2026-01-16 12:15:31 - __main__ - WARNING - Could not find collection_objectname td in row
2026-01-16 12:15:31 - __main__ - WARNING - Could not find collection_objectname td in row
2026-01-16 12:15:31 - __main__ - WARNING - Could not find collection_objectname td in row
2026-01-16 12:15:31 - __main__ - WARNING - Could not find collection_objectname td in row
2026-01-16 12:15:31 - __main__ - INFO - Extracted 100 games from page 249
2026-01-16 12:15:31 - __main__ - INFO - Saved 5000 games to data/test_bgg_games.csv
2026-01-16 12:15:36 - __main__ - INFO - Scraping page 250: https://boardgamegeek.com/browse/boardgame/page/250
2026-01-16 12:15:38 - __main__ - WARNING - Could not find collection_objectname td in row
2026-01-16 12:15:38 - __main__ - WARNING - Could not find collection_objectname td in row
2026-01-16 12:15:38 - __main__ - WARNING - Could not find collection_objectname td in row
2026-01-16 12:15:38 - __main__ - WARNING - Could not find collection_objectname td in row
2026-01-16 12:15:38 - __main__ - WARNING - Could not find collection_objectname td in row
2026-01-16 12:15:38 - __main__ - WARNING - Could not find collection_objectname td in row
2026-01-16 12:15:38 - __main__ - INFO - Extracted 100 games from page 250
2026-01-16 12:15:38 - __main__ - INFO - Saved 5100 games to data/test_bgg_games.csv
2026-01-16 12:15:43 - __main__ - INFO - Scraping page 251: https://boardgamegeek.com/browse/boardgame/page/251
2026-01-16 12:15:44 - __main__ - WARNING - Could not find collection_objectname td in row
2026-01-16 12:15:44 - __main__ - WARNING - Could not find collection_objectname td in row
2026-01-16 12:15:44 - __main__ - WARNING - Could not find collection_objectname td in row
2026-01-16 12:15:44 - __main__ - WARNING - Could not find collection_objectname td in row
2026-01-16 12:15:44 - __main__ - WARNING - Could not find collection_objectname td in row
2026-01-16 12:15:44 - __main__ - WARNING - Could not find collection_objectname td in row
2026-01-16 12:15:44 - __main__ - INFO - Extracted 100 games from page 251
2026-01-16 12:15:44 - __main__ - INFO - Saved 5200 games to data/test_bgg_games.csv
2026-01-16 12:15:49 - __main__ - INFO - Scraping page 252: https://boardgamegeek.com/browse/boardgame/page/252
2026-01-16 12:15:51 - __main__ - WARNING - Could not find collection_objectname td in row
2026-01-16 12:15:51 - __main__ - WARNING - Could not find collection_objectname td in row
2026-01-16 12:15:51 - __main__ - WARNING - Could not find collection_objectname td in row
2026-01-16 12:15:51 - __main__ - WARNING - Could not find collection_objectname td in row
2026-01-16 12:15:51 - __main__ - WARNING - Could not find collection_objectname td in row
2026-01-16 12:15:51 - __main__ - WARNING - Could not find collection_objectname td in row
2026-01-16 12:15:51 - __main__ - INFO - Extracted 100 games from page 252
2026-01-16 12:15:51 - __main__ - INFO - Saved 5300 games to data/test_bgg_games.csv
2026-01-16 12:15:56 - __main__ - INFO - Scraping page 253: https://boardgamegeek.com/browse/boardgame/page/253
2026-01-16 12:15:58 - __main__ - WARNING - Could not find collection_objectname td in row
2026-01-16 12:15:58 - __main__ - WARNING - Could not find collection_objectname td in row
2026-01-16 12:15:58 - __main__ - WARNING - Could not find collection_objectname td in row
2026-01-16 12:15:58 - __main__ - WARNING - Could not find collection_objectname td in row
2026-01-16 12:15:58 - __main__ - WARNING - Could not find collection_objectname td in row
2026-01-16 12:15:58 - __main__ - WARNING - Could not find collection_objectname td in row
2026-01-16 12:15:58 - __main__ - INFO - Extracted 100 games from page 253
2026-01-16 12:15:58 - __main__ - INFO - Saved 5400 games to data/test_bgg_games.csv
2026-01-16 12:16:03 - __main__ - INFO - Scraping page 254: https://boardgamegeek.com/browse/boardgame/page/254
2026-01-16 12:16:04 - __main__ - WARNING - Could not find collection_objectname td in row
2026-01-16 12:16:04 - __main__ - WARNING - Could not find collection_objectname td in row
2026-01-16 12:16:04 - __main__ - WARNING - Could not find collection_objectname td in row
2026-01-16 12:16:04 - __main__ - WARNING - Could not find collection_objectname td in row
2026-01-16 12:16:04 - __main__ - WARNING - Could not find collection_objectname td in row
2026-01-16 12:16:04 - __main__ - WARNING - Could not find collection_objectname td in row
2026-01-16 12:16:04 - __main__ - INFO - Extracted 100 games from page 254
2026-01-16 12:16:04 - __main__ - INFO - Saved 5500 games to data/test_bgg_games.csv
2026-01-16 12:16:10 - __main__ - INFO - Scraping page 255: https://boardgamegeek.com/browse/boardgame/page/255
2026-01-16 12:16:11 - __main__ - WARNING - Could not find collection_objectname td in row
2026-01-16 12:16:11 - __main__ - WARNING - Could not find collection_objectname td in row
2026-01-16 12:16:11 - __main__ - WARNING - Could not find collection_objectname td in row
2026-01-16 12:16:11 - __main__ - WARNING - Could not find collection_objectname td in row
2026-01-16 12:16:11 - __main__ - WARNING - Could not find collection_objectname td in row
2026-01-16 12:16:11 - __main__ - WARNING - Could not find collection_objectname td in row
2026-01-16 12:16:11 - __main__ - INFO - Extracted 100 games from page 255
2026-01-16 12:16:11 - __main__ - INFO - Saved 5600 games to data/test_bgg_games.csv
2026-01-16 12:16:16 - __main__ - INFO - Scraping page 256: https://boardgamegeek.com/browse/boardgame/page/256
2026-01-16 12:16:17 - __main__ - WARNING - Could not find collection_objectname td in row
2026-01-16 12:16:17 - __main__ - WARNING - Could not find collection_objectname td in row
2026-01-16 12:16:17 - __main__ - WARNING - Could not find collection_objectname td in row
2026-01-16 12:16:17 - __main__ - WARNING - Could not find collection_objectname td in row
2026-01-16 12:16:17 - __main__ - WARNING - Could not find collection_objectname td in row
2026-01-16 12:16:17 - __main__ - WARNING - Could not find collection_objectname td in row
2026-01-16 12:16:17 - __main__ - INFO - Extracted 100 games from page 256
2026-01-16 12:16:17 - __main__ - INFO - Saved 5700 games to data/test_bgg_games.csv
2026-01-16 12:16:22 - __main__ - INFO - Scraping page 257: https://boardgamegeek.com/browse/boardgame/page/257
2026-01-16 12:16:24 - __main__ - WARNING - Could not find collection_objectname td in row
2026-01-16 12:16:24 - __main__ - WARNING - Could not find collection_objectname td in row
2026-01-16 12:16:24 - __main__ - WARNING - Could not find collection_objectname td in row
2026-01-16 12:16:24 - __main__ - WARNING - Could not find collection_objectname td in row
2026-01-16 12:16:24 - __main__ - WARNING - Could not find collection_objectname td in row
2026-01-16 12:16:24 - __main__ - WARNING - Could not find collection_objectname td in row
2026-01-16 12:16:24 - __main__ - INFO - Extracted 100 games from page 257
2026-01-16 12:16:24 - __main__ - INFO - Saved 5800 games to data/test_bgg_games.csv
2026-01-16 12:16:29 - __main__ - INFO - Scraping page 258: https://boardgamegeek.com/browse/boardgame/page/258
2026-01-16 12:16:31 - __main__ - WARNING - Could not find collection_objectname td in row
2026-01-16 12:16:31 - __main__ - WARNING - Could not find collection_objectname td in row
2026-01-16 12:16:31 - __main__ - WARNING - Could not find collection_objectname td in row
2026-01-16 12:16:31 - __main__ - WARNING - Could not find collection_objectname td in row
2026-01-16 12:16:31 - __main__ - WARNING - Could not find collection_objectname td in row
2026-01-16 12:16:31 - __main__ - WARNING - Could not find collection_objectname td in row
2026-01-16 12:16:31 - __main__ - INFO - Extracted 100 games from page 258
2026-01-16 12:16:31 - __main__ - INFO - Saved 5900 games to data/test_bgg_games.csv
2026-01-16 12:16:36 - __main__ - INFO - Scraping page 259: https://boardgamegeek.com/browse/boardgame/page/259
2026-01-16 12:16:37 - __main__ - WARNING - Could not find collection_objectname td in row
2026-01-16 12:16:37 - __main__ - WARNING - Could not find collection_objectname td in row
2026-01-16 12:16:37 - __main__ - WARNING - Could not find collection_objectname td in row
2026-01-16 12:16:37 - __main__ - WARNING - Could not find collection_objectname td in row
2026-01-16 12:16:37 - __main__ - WARNING - Could not find collection_objectname td in row
2026-01-16 12:16:37 - __main__ - WARNING - Could not find collection_objectname td in row
2026-01-16 12:16:37 - __main__ - INFO - Extracted 100 games from page 259
2026-01-16 12:16:37 - __main__ - INFO - Saved 6000 games to data/test_bgg_games.csv
2026-01-16 12:16:42 - __main__ - INFO - Scraping page 260: https://boardgamegeek.com/browse/boardgame/page/260
2026-01-16 12:16:44 - __main__ - WARNING - Could not find collection_objectname td in row
2026-01-16 12:16:44 - __main__ - WARNING - Could not find collection_objectname td in row
2026-01-16 12:16:44 - __main__ - WARNING - Could not find collection_objectname td in row
2026-01-16 12:16:44 - __main__ - WARNING - Could not find collection_objectname td in row
2026-01-16 12:16:44 - __main__ - WARNING - Could not find collection_objectname td in row
2026-01-16 12:16:44 - __main__ - WARNING - Could not find collection_objectname td in row
2026-01-16 12:16:44 - __main__ - INFO - Extracted 100 games from page 260
2026-01-16 12:16:44 - __main__ - INFO - Saved 6100 games to data/test_bgg_games.csv
2026-01-16 12:16:49 - __main__ - INFO - Scraping page 261: https://boardgamegeek.com/browse/boardgame/page/261
2026-01-16 12:16:52 - __main__ - WARNING - Could not find collection_objectname td in row
2026-01-16 12:16:52 - __main__ - WARNING - Could not find collection_objectname td in row
2026-01-16 12:16:52 - __main__ - WARNING - Could not find collection_objectname td in row
2026-01-16 12:16:52 - __main__ - WARNING - Could not find collection_objectname td in row
2026-01-16 12:16:52 - __main__ - WARNING - Could not find collection_objectname td in row
2026-01-16 12:16:52 - __main__ - WARNING - Could not find collection_objectname td in row
2026-01-16 12:16:52 - __main__ - INFO - Extracted 100 games from page 261
2026-01-16 12:16:52 - __main__ - INFO - Saved 6200 games to data/test_bgg_games.csv
2026-01-16 12:16:57 - __main__ - INFO - Scraping page 262: https://boardgamegeek.com/browse/boardgame/page/262
2026-01-16 12:16:58 - __main__ - WARNING - Could not find collection_objectname td in row
2026-01-16 12:16:58 - __main__ - WARNING - Could not find collection_objectname td in row
2026-01-16 12:16:58 - __main__ - WARNING - Could not find collection_objectname td in row
2026-01-16 12:16:58 - __main__ - WARNING - Could not find collection_objectname td in row
2026-01-16 12:16:58 - __main__ - WARNING - Could not find collection_objectname td in row
2026-01-16 12:16:58 - __main__ - WARNING - Could not find collection_objectname td in row
2026-01-16 12:16:58 - __main__ - INFO - Extracted 100 games from page 262
2026-01-16 12:16:58 - __main__ - INFO - Saved 6300 games to data/test_bgg_games.csv
2026-01-16 12:17:03 - __main__ - INFO - Scraping page 263: https://boardgamegeek.com/browse/boardgame/page/263
2026-01-16 12:17:06 - __main__ - WARNING - Could not find collection_objectname td in row
2026-01-16 12:17:06 - __main__ - WARNING - Could not find collection_objectname td in row
2026-01-16 12:17:06 - __main__ - WARNING - Could not find collection_objectname td in row
2026-01-16 12:17:06 - __main__ - WARNING - Could not find collection_objectname td in row
2026-01-16 12:17:06 - __main__ - WARNING - Could not find collection_objectname td in row
2026-01-16 12:17:06 - __main__ - WARNING - Could not find collection_objectname td in row
2026-01-16 12:17:06 - __main__ - INFO - Extracted 100 games from page 263
2026-01-16 12:17:06 - __main__ - INFO - Saved 6400 games to data/test_bgg_games.csv
2026-01-16 12:17:11 - __main__ - INFO - Scraping page 264: https://boardgamegeek.com/browse/boardgame/page/264
2026-01-16 12:17:14 - __main__ - WARNING - Could not find collection_objectname td in row
2026-01-16 12:17:14 - __main__ - WARNING - Could not find collection_objectname td in row
2026-01-16 12:17:14 - __main__ - WARNING - Could not find collection_objectname td in row
2026-01-16 12:17:14 - __main__ - WARNING - Could not find collection_objectname td in row
2026-01-16 12:17:14 - __main__ - WARNING - Could not find collection_objectname td in row
2026-01-16 12:17:14 - __main__ - WARNING - Could not find collection_objectname td in row
2026-01-16 12:17:14 - __main__ - INFO - Extracted 100 games from page 264
2026-01-16 12:17:14 - __main__ - INFO - Saved 6500 games to data/test_bgg_games.csv
2026-01-16 12:17:19 - __main__ - INFO - Scraping page 265: https://boardgamegeek.com/browse/boardgame/page/265
2026-01-16 12:17:21 - __main__ - WARNING - Could not find collection_objectname td in row
2026-01-16 12:17:21 - __main__ - WARNING - Could not find collection_objectname td in row
2026-01-16 12:17:21 - __main__ - WARNING - Could not find collection_objectname td in row
2026-01-16 12:17:21 - __main__ - WARNING - Could not find collection_objectname td in row
2026-01-16 12:17:21 - __main__ - WARNING - Could not find collection_objectname td in row
2026-01-16 12:17:21 - __main__ - WARNING - Could not find collection_objectname td in row
2026-01-16 12:17:21 - __main__ - INFO - Extracted 100 games from page 265
2026-01-16 12:17:21 - __main__ - INFO - Saved 6600 games to data/test_bgg_games.csv
2026-01-16 12:17:26 - __main__ - INFO - Scraping page 266: https://boardgamegeek.com/browse/boardgame/page/266
2026-01-16 12:17:27 - __main__ - WARNING - Could not find collection_objectname td in row
2026-01-16 12:17:27 - __main__ - WARNING - Could not find collection_objectname td in row
2026-01-16 12:17:27 - __main__ - WARNING - Could not find collection_objectname td in row
2026-01-16 12:17:27 - __main__ - WARNING - Could not find collection_objectname td in row
2026-01-16 12:17:27 - __main__ - WARNING - Could not find collection_objectname td in row
2026-01-16 12:17:27 - __main__ - WARNING - Could not find collection_objectname td in row
2026-01-16 12:17:28 - __main__ - INFO - Extracted 100 games from page 266
2026-01-16 12:17:28 - __main__ - INFO - Saved 6700 games to data/test_bgg_games.csv
2026-01-16 12:17:33 - __main__ - INFO - Scraping page 267: https://boardgamegeek.com/browse/boardgame/page/267
2026-01-16 12:17:35 - __main__ - WARNING - Could not find collection_objectname td in row
2026-01-16 12:17:35 - __main__ - WARNING - Could not find collection_objectname td in row
2026-01-16 12:17:35 - __main__ - WARNING - Could not find collection_objectname td in row
2026-01-16 12:17:35 - __main__ - WARNING - Could not find collection_objectname td in row
2026-01-16 12:17:35 - __main__ - WARNING - Could not find collection_objectname td in row
2026-01-16 12:17:35 - __main__ - WARNING - Could not find collection_objectname td in row
2026-01-16 12:17:35 - __main__ - INFO - Extracted 100 games from page 267
2026-01-16 12:17:35 - __main__ - INFO - Saved 6800 games to data/test_bgg_games.csv
2026-01-16 12:17:40 - __main__ - INFO - Scraping page 268: https://boardgamegeek.com/browse/boardgame/page/268
2026-01-16 12:17:41 - __main__ - WARNING - Could not find collection_objectname td in row
2026-01-16 12:17:41 - __main__ - WARNING - Could not find collection_objectname td in row
2026-01-16 12:17:41 - __main__ - WARNING - Could not find collection_objectname td in row
2026-01-16 12:17:41 - __main__ - WARNING - Could not find collection_objectname td in row
2026-01-16 12:17:41 - __main__ - WARNING - Could not find collection_objectname td in row
2026-01-16 12:17:41 - __main__ - WARNING - Could not find collection_objectname td in row
2026-01-16 12:17:41 - __main__ - INFO - Extracted 100 games from page 268
2026-01-16 12:17:41 - __main__ - INFO - Saved 6900 games to data/test_bgg_games.csv
2026-01-16 12:17:46 - __main__ - INFO - Scraping page 269: https://boardgamegeek.com/browse/boardgame/page/269
2026-01-16 12:17:49 - __main__ - WARNING - Could not find collection_objectname td in row
2026-01-16 12:17:49 - __main__ - WARNING - Could not find collection_objectname td in row
2026-01-16 12:17:49 - __main__ - WARNING - Could not find collection_objectname td in row
2026-01-16 12:17:49 - __main__ - WARNING - Could not find collection_objectname td in row
2026-01-16 12:17:49 - __main__ - WARNING - Could not find collection_objectname td in row
2026-01-16 12:17:49 - __main__ - WARNING - Could not find collection_objectname td in row
2026-01-16 12:17:49 - __main__ - INFO - Extracted 100 games from page 269
2026-01-16 12:17:49 - __main__ - INFO - Saved 7000 games to data/test_bgg_games.csv
2026-01-16 12:17:54 - __main__ - INFO - Scraping page 270: https://boardgamegeek.com/browse/boardgame/page/270
2026-01-16 12:17:55 - __main__ - WARNING - Could not find collection_objectname td in row
2026-01-16 12:17:55 - __main__ - WARNING - Could not find collection_objectname td in row
2026-01-16 12:17:55 - __main__ - WARNING - Could not find collection_objectname td in row
2026-01-16 12:17:55 - __main__ - WARNING - Could not find collection_objectname td in row
2026-01-16 12:17:55 - __main__ - WARNING - Could not find collection_objectname td in row
2026-01-16 12:17:55 - __main__ - WARNING - Could not find collection_objectname td in row
2026-01-16 12:17:55 - __main__ - INFO - Extracted 100 games from page 270
2026-01-16 12:17:55 - __main__ - INFO - Saved 7100 games to data/test_bgg_games.csv
2026-01-16 12:18:00 - __main__ - INFO - Scraping page 271: https://boardgamegeek.com/browse/boardgame/page/271
2026-01-16 12:18:02 - __main__ - WARNING - Could not find collection_objectname td in row
2026-01-16 12:18:02 - __main__ - WARNING - Could not find collection_objectname td in row
2026-01-16 12:18:02 - __main__ - WARNING - Could not find collection_objectname td in row
2026-01-16 12:18:02 - __main__ - WARNING - Could not find collection_objectname td in row
2026-01-16 12:18:02 - __main__ - WARNING - Could not find collection_objectname td in row
2026-01-16 12:18:02 - __main__ - WARNING - Could not find collection_objectname td in row
2026-01-16 12:18:02 - __main__ - INFO - Extracted 100 games from page 271
2026-01-16 12:18:02 - __main__ - INFO - Saved 7200 games to data/test_bgg_games.csv
2026-01-16 12:18:07 - __main__ - INFO - Scraping page 272: https://boardgamegeek.com/browse/boardgame/page/272
2026-01-16 12:18:09 - __main__ - WARNING - Could not find collection_objectname td in row
2026-01-16 12:18:09 - __main__ - WARNING - Could not find collection_objectname td in row
2026-01-16 12:18:09 - __main__ - WARNING - Could not find collection_objectname td in row
2026-01-16 12:18:09 - __main__ - WARNING - Could not find collection_objectname td in row
2026-01-16 12:18:09 - __main__ - WARNING - Could not find collection_objectname td in row
2026-01-16 12:18:09 - __main__ - WARNING - Could not find collection_objectname td in row
2026-01-16 12:18:09 - __main__ - INFO - Extracted 100 games from page 272
2026-01-16 12:18:09 - __main__ - INFO - Saved 7300 games to data/test_bgg_games.csv
2026-01-16 12:18:14 - __main__ - INFO - Scraping page 273: https://boardgamegeek.com/browse/boardgame/page/273
2026-01-16 12:18:16 - __main__ - WARNING - Could not find collection_objectname td in row
2026-01-16 12:18:16 - __main__ - WARNING - Could not find collection_objectname td in row
2026-01-16 12:18:16 - __main__ - WARNING - Could not find collection_objectname td in row
2026-01-16 12:18:16 - __main__ - WARNING - Could not find collection_objectname td in row
2026-01-16 12:18:16 - __main__ - WARNING - Could not find collection_objectname td in row
2026-01-16 12:18:16 - __main__ - WARNING - Could not find collection_objectname td in row
2026-01-16 12:18:16 - __main__ - INFO - Extracted 100 games from page 273
2026-01-16 12:18:16 - __main__ - INFO - Saved 7400 games to data/test_bgg_games.csv
2026-01-16 12:18:21 - __main__ - INFO - Scraping page 274: https://boardgamegeek.com/browse/boardgame/page/274
2026-01-16 12:18:22 - __main__ - WARNING - Could not find collection_objectname td in row
2026-01-16 12:18:22 - __main__ - WARNING - Could not find collection_objectname td in row
2026-01-16 12:18:22 - __main__ - WARNING - Could not find collection_objectname td in row
2026-01-16 12:18:22 - __main__ - WARNING - Could not find collection_objectname td in row
2026-01-16 12:18:22 - __main__ - WARNING - Could not find collection_objectname td in row
2026-01-16 12:18:22 - __main__ - WARNING - Could not find collection_objectname td in row
2026-01-16 12:18:22 - __main__ - INFO - Extracted 100 games from page 274
2026-01-16 12:18:22 - __main__ - INFO - Saved 7500 games to data/test_bgg_games.csv
2026-01-16 12:18:27 - __main__ - INFO - Scraping page 275: https://boardgamegeek.com/browse/boardgame/page/275
2026-01-16 12:18:28 - __main__ - WARNING - Could not find collection_objectname td in row
2026-01-16 12:18:28 - __main__ - WARNING - Could not find collection_objectname td in row
2026-01-16 12:18:28 - __main__ - WARNING - Could not find collection_objectname td in row
2026-01-16 12:18:28 - __main__ - WARNING - Could not find collection_objectname td in row
2026-01-16 12:18:29 - __main__ - WARNING - Could not find collection_objectname td in row
2026-01-16 12:18:29 - __main__ - WARNING - Could not find collection_objectname td in row
2026-01-16 12:18:29 - __main__ - INFO - Extracted 100 games from page 275
2026-01-16 12:18:29 - __main__ - INFO - Saved 7600 games to data/test_bgg_games.csv
2026-01-16 12:18:34 - __main__ - INFO - Scraping page 276: https://boardgamegeek.com/browse/boardgame/page/276
2026-01-16 12:18:35 - __main__ - WARNING - Could not find collection_objectname td in row
2026-01-16 12:18:35 - __main__ - WARNING - Could not find collection_objectname td in row
2026-01-16 12:18:35 - __main__ - WARNING - Could not find collection_objectname td in row
2026-01-16 12:18:35 - __main__ - WARNING - Could not find collection_objectname td in row
2026-01-16 12:18:35 - __main__ - WARNING - Could not find collection_objectname td in row
2026-01-16 12:18:35 - __main__ - WARNING - Could not find collection_objectname td in row
2026-01-16 12:18:35 - __main__ - INFO - Extracted 100 games from page 276
2026-01-16 12:18:35 - __main__ - INFO - Saved 7700 games to data/test_bgg_games.csv
2026-01-16 12:18:40 - __main__ - INFO - Scraping page 277: https://boardgamegeek.com/browse/boardgame/page/277
2026-01-16 12:18:42 - __main__ - WARNING - Could not find collection_objectname td in row
2026-01-16 12:18:42 - __main__ - WARNING - Could not find collection_objectname td in row
2026-01-16 12:18:42 - __main__ - WARNING - Could not find collection_objectname td in row
2026-01-16 12:18:42 - __main__ - WARNING - Could not find collection_objectname td in row
2026-01-16 12:18:42 - __main__ - WARNING - Could not find collection_objectname td in row
2026-01-16 12:18:42 - __main__ - WARNING - Could not find collection_objectname td in row
2026-01-16 12:18:42 - __main__ - INFO - Extracted 100 games from page 277
2026-01-16 12:18:42 - __main__ - INFO - Saved 7800 games to data/test_bgg_games.csv
2026-01-16 12:18:47 - __main__ - INFO - Scraping page 278: https://boardgamegeek.com/browse/boardgame/page/278
2026-01-16 12:18:48 - __main__ - WARNING - Could not find collection_objectname td in row
2026-01-16 12:18:48 - __main__ - WARNING - Could not find collection_objectname td in row
2026-01-16 12:18:48 - __main__ - WARNING - Could not find collection_objectname td in row
2026-01-16 12:18:48 - __main__ - WARNING - Could not find collection_objectname td in row
2026-01-16 12:18:48 - __main__ - WARNING - Could not find collection_objectname td in row
2026-01-16 12:18:48 - __main__ - WARNING - Could not find collection_objectname td in row
2026-01-16 12:18:48 - __main__ - INFO - Extracted 100 games from page 278
2026-01-16 12:18:48 - __main__ - INFO - Saved 7900 games to data/test_bgg_games.csv
2026-01-16 12:18:53 - __main__ - INFO - Scraping page 279: https://boardgamegeek.com/browse/boardgame/page/279
2026-01-16 12:18:58 - __main__ - WARNING - Could not find collection_objectname td in row
2026-01-16 12:18:58 - __main__ - WARNING - Could not find collection_objectname td in row
2026-01-16 12:18:58 - __main__ - WARNING - Could not find collection_objectname td in row
2026-01-16 12:18:58 - __main__ - WARNING - Could not find collection_objectname td in row
2026-01-16 12:18:58 - __main__ - WARNING - Could not find collection_objectname td in row
2026-01-16 12:18:58 - __main__ - WARNING - Could not find collection_objectname td in row
2026-01-16 12:18:58 - __main__ - INFO - Extracted 100 games from page 279
2026-01-16 12:18:58 - __main__ - INFO - Saved 8000 games to data/test_bgg_games.csv
2026-01-16 12:19:03 - __main__ - INFO - Scraping page 280: https://boardgamegeek.com/browse/boardgame/page/280
2026-01-16 12:19:04 - __main__ - WARNING - Could not find collection_objectname td in row
2026-01-16 12:19:04 - __main__ - WARNING - Could not find collection_objectname td in row
2026-01-16 12:19:04 - __main__ - WARNING - Could not find collection_objectname td in row
2026-01-16 12:19:04 - __main__ - WARNING - Could not find collection_objectname td in row
2026-01-16 12:19:04 - __main__ - WARNING - Could not find collection_objectname td in row
2026-01-16 12:19:04 - __main__ - WARNING - Could not find collection_objectname td in row
2026-01-16 12:19:04 - __main__ - INFO - Extracted 100 games from page 280
2026-01-16 12:19:04 - __main__ - INFO - Saved 8100 games to data/test_bgg_games.csv
2026-01-16 12:19:09 - __main__ - INFO - Scraping page 281: https://boardgamegeek.com/browse/boardgame/page/281
2026-01-16 12:19:11 - __main__ - WARNING - Could not find collection_objectname td in row
2026-01-16 12:19:11 - __main__ - WARNING - Could not find collection_objectname td in row
2026-01-16 12:19:11 - __main__ - WARNING - Could not find collection_objectname td in row
2026-01-16 12:19:11 - __main__ - WARNING - Could not find collection_objectname td in row
2026-01-16 12:19:11 - __main__ - WARNING - Could not find collection_objectname td in row
2026-01-16 12:19:11 - __main__ - WARNING - Could not find collection_objectname td in row
2026-01-16 12:19:11 - __main__ - INFO - Extracted 100 games from page 281
2026-01-16 12:19:11 - __main__ - INFO - Saved 8200 games to data/test_bgg_games.csv
2026-01-16 12:19:16 - __main__ - INFO - Scraping page 282: https://boardgamegeek.com/browse/boardgame/page/282
2026-01-16 12:19:17 - __main__ - WARNING - Could not find collection_objectname td in row
2026-01-16 12:19:17 - __main__ - WARNING - Could not find collection_objectname td in row
2026-01-16 12:19:17 - __main__ - WARNING - Could not find collection_objectname td in row
2026-01-16 12:19:17 - __main__ - WARNING - Could not find collection_objectname td in row
2026-01-16 12:19:17 - __main__ - WARNING - Could not find collection_objectname td in row
2026-01-16 12:19:17 - __main__ - WARNING - Could not find collection_objectname td in row
2026-01-16 12:19:17 - __main__ - INFO - Extracted 100 games from page 282
2026-01-16 12:19:17 - __main__ - INFO - Saved 8300 games to data/test_bgg_games.csv
2026-01-16 12:19:22 - __main__ - INFO - Scraping page 283: https://boardgamegeek.com/browse/boardgame/page/283
2026-01-16 12:19:24 - __main__ - WARNING - Could not find collection_objectname td in row
2026-01-16 12:19:24 - __main__ - WARNING - Could not find collection_objectname td in row
2026-01-16 12:19:24 - __main__ - WARNING - Could not find collection_objectname td in row
2026-01-16 12:19:24 - __main__ - WARNING - Could not find collection_objectname td in row
2026-01-16 12:19:24 - __main__ - WARNING - Could not find collection_objectname td in row
2026-01-16 12:19:24 - __main__ - WARNING - Could not find collection_objectname td in row
2026-01-16 12:19:24 - __main__ - INFO - Extracted 100 games from page 283
2026-01-16 12:19:24 - __main__ - INFO - Saved 8400 games to data/test_bgg_games.csv
2026-01-16 12:19:29 - __main__ - INFO - Scraping page 284: https://boardgamegeek.com/browse/boardgame/page/284
2026-01-16 12:19:30 - __main__ - WARNING - Could not find collection_objectname td in row
2026-01-16 12:19:30 - __main__ - WARNING - Could not find collection_objectname td in row
2026-01-16 12:19:30 - __main__ - WARNING - Could not find collection_objectname td in row
2026-01-16 12:19:30 - __main__ - WARNING - Could not find collection_objectname td in row
2026-01-16 12:19:30 - __main__ - WARNING - Could not find collection_objectname td in row
2026-01-16 12:19:30 - __main__ - WARNING - Could not find collection_objectname td in row
2026-01-16 12:19:30 - __main__ - INFO - Extracted 100 games from page 284
2026-01-16 12:19:30 - __main__ - INFO - Saved 8500 games to data/test_bgg_games.csv
2026-01-16 12:19:35 - __main__ - INFO - Scraping page 285: https://boardgamegeek.com/browse/boardgame/page/285
2026-01-16 12:19:43 - __main__ - WARNING - Could not find collection_objectname td in row
2026-01-16 12:19:43 - __main__ - WARNING - Could not find collection_objectname td in row
2026-01-16 12:19:43 - __main__ - WARNING - Could not find collection_objectname td in row
2026-01-16 12:19:43 - __main__ - WARNING - Could not find collection_objectname td in row
2026-01-16 12:19:43 - __main__ - WARNING - Could not find collection_objectname td in row
2026-01-16 12:19:43 - __main__ - WARNING - Could not find collection_objectname td in row
2026-01-16 12:19:43 - __main__ - INFO - Extracted 100 games from page 285
2026-01-16 12:19:43 - __main__ - INFO - Saved 8600 games to data/test_bgg_games.csv
2026-01-16 12:19:48 - __main__ - INFO - Scraping page 286: https://boardgamegeek.com/browse/boardgame/page/286
2026-01-16 12:19:53 - __main__ - WARNING - Could not find collection_objectname td in row
2026-01-16 12:19:53 - __main__ - WARNING - Could not find collection_objectname td in row
2026-01-16 12:19:53 - __main__ - WARNING - Could not find collection_objectname td in row
2026-01-16 12:19:53 - __main__ - WARNING - Could not find collection_objectname td in row
2026-01-16 12:19:53 - __main__ - WARNING - Could not find collection_objectname td in row
2026-01-16 12:19:53 - __main__ - WARNING - Could not find collection_objectname td in row
2026-01-16 12:19:53 - __main__ - INFO - Extracted 100 games from page 286
2026-01-16 12:19:53 - __main__ - INFO - Saved 8700 games to data/test_bgg_games.csv
2026-01-16 12:19:58 - __main__ - INFO - Scraping page 287: https://boardgamegeek.com/browse/boardgame/page/287
2026-01-16 12:20:01 - __main__ - WARNING - Could not find collection_objectname td in row
2026-01-16 12:20:01 - __main__ - WARNING - Could not find collection_objectname td in row
2026-01-16 12:20:01 - __main__ - WARNING - Could not find collection_objectname td in row
2026-01-16 12:20:01 - __main__ - WARNING - Could not find collection_objectname td in row
2026-01-16 12:20:01 - __main__ - WARNING - Could not find collection_objectname td in row
2026-01-16 12:20:01 - __main__ - WARNING - Could not find collection_objectname td in row
2026-01-16 12:20:01 - __main__ - INFO - Extracted 100 games from page 287
2026-01-16 12:20:01 - __main__ - INFO - Saved 8800 games to data/test_bgg_games.csv
2026-01-16 12:20:06 - __main__ - INFO - Scraping page 288: https://boardgamegeek.com/browse/boardgame/page/288
2026-01-16 12:20:15 - __main__ - WARNING - Could not find collection_objectname td in row
2026-01-16 12:20:15 - __main__ - WARNING - Could not find collection_objectname td in row
2026-01-16 12:20:15 - __main__ - WARNING - Could not find collection_objectname td in row
2026-01-16 12:20:15 - __main__ - WARNING - Could not find collection_objectname td in row
2026-01-16 12:20:15 - __main__ - WARNING - Could not find collection_objectname td in row
2026-01-16 12:20:15 - __main__ - WARNING - Could not find collection_objectname td in row
2026-01-16 12:20:15 - __main__ - INFO - Extracted 100 games from page 288
2026-01-16 12:20:15 - __main__ - INFO - Saved 8900 games to data/test_bgg_games.csv
2026-01-16 12:20:20 - __main__ - INFO - Scraping page 289: https://boardgamegeek.com/browse/boardgame/page/289
2026-01-16 12:20:22 - __main__ - WARNING - Could not find collection_objectname td in row
2026-01-16 12:20:22 - __main__ - WARNING - Could not find collection_objectname td in row
2026-01-16 12:20:22 - __main__ - WARNING - Could not find collection_objectname td in row
2026-01-16 12:20:22 - __main__ - WARNING - Could not find collection_objectname td in row
2026-01-16 12:20:22 - __main__ - WARNING - Could not find collection_objectname td in row
2026-01-16 12:20:22 - __main__ - WARNING - Could not find collection_objectname td in row
2026-01-16 12:20:22 - __main__ - INFO - Extracted 100 games from page 289
2026-01-16 12:20:22 - __main__ - INFO - Saved 9000 games to data/test_bgg_games.csv
2026-01-16 12:20:27 - __main__ - INFO - Scraping page 290: https://boardgamegeek.com/browse/boardgame/page/290
2026-01-16 12:20:29 - __main__ - WARNING - Could not find collection_objectname td in row
2026-01-16 12:20:29 - __main__ - WARNING - Could not find collection_objectname td in row
2026-01-16 12:20:29 - __main__ - WARNING - Could not find collection_objectname td in row
2026-01-16 12:20:29 - __main__ - WARNING - Could not find collection_objectname td in row
2026-01-16 12:20:30 - __main__ - WARNING - Could not find collection_objectname td in row
2026-01-16 12:20:30 - __main__ - WARNING - Could not find collection_objectname td in row
2026-01-16 12:20:30 - __main__ - INFO - Extracted 100 games from page 290
2026-01-16 12:20:30 - __main__ - INFO - Saved 9100 games to data/test_bgg_games.csv
2026-01-16 12:20:35 - __main__ - INFO - Scraping page 291: https://boardgamegeek.com/browse/boardgame/page/291
2026-01-16 12:20:37 - __main__ - WARNING - Could not find collection_objectname td in row
2026-01-16 12:20:37 - __main__ - WARNING - Could not find collection_objectname td in row
2026-01-16 12:20:37 - __main__ - WARNING - Could not find collection_objectname td in row
2026-01-16 12:20:37 - __main__ - WARNING - Could not find collection_objectname td in row
2026-01-16 12:20:37 - __main__ - WARNING - Could not find collection_objectname td in row
2026-01-16 12:20:37 - __main__ - WARNING - Could not find collection_objectname td in row
2026-01-16 12:20:37 - __main__ - INFO - Extracted 100 games from page 291
2026-01-16 12:20:37 - __main__ - INFO - Saved 9200 games to data/test_bgg_games.csv
2026-01-16 12:20:42 - __main__ - INFO - Scraping page 292: https://boardgamegeek.com/browse/boardgame/page/292
2026-01-16 12:20:44 - __main__ - WARNING - Could not find collection_objectname td in row
2026-01-16 12:20:44 - __main__ - WARNING - Could not find collection_objectname td in row
2026-01-16 12:20:44 - __main__ - WARNING - Could not find collection_objectname td in row
2026-01-16 12:20:44 - __main__ - WARNING - Could not find collection_objectname td in row
2026-01-16 12:20:44 - __main__ - WARNING - Could not find collection_objectname td in row
2026-01-16 12:20:44 - __main__ - WARNING - Could not find collection_objectname td in row
2026-01-16 12:20:44 - __main__ - INFO - Extracted 100 games from page 292
2026-01-16 12:20:44 - __main__ - INFO - Saved 9300 games to data/test_bgg_games.csv
2026-01-16 12:20:49 - __main__ - INFO - Scraping page 293: https://boardgamegeek.com/browse/boardgame/page/293
2026-01-16 12:20:50 - __main__ - WARNING - Could not find collection_objectname td in row
2026-01-16 12:20:51 - __main__ - WARNING - Could not find collection_objectname td in row
2026-01-16 12:20:51 - __main__ - WARNING - Could not find collection_objectname td in row
2026-01-16 12:20:51 - __main__ - WARNING - Could not find collection_objectname td in row
2026-01-16 12:20:51 - __main__ - WARNING - Could not find collection_objectname td in row
2026-01-16 12:20:51 - __main__ - WARNING - Could not find collection_objectname td in row
2026-01-16 12:20:51 - __main__ - INFO - Extracted 100 games from page 293
2026-01-16 12:20:51 - __main__ - INFO - Saved 9400 games to data/test_bgg_games.csv
2026-01-16 12:20:56 - __main__ - INFO - Scraping page 294: https://boardgamegeek.com/browse/boardgame/page/294
2026-01-16 12:20:57 - __main__ - WARNING - Could not find collection_objectname td in row
2026-01-16 12:20:57 - __main__ - WARNING - Could not find collection_objectname td in row
2026-01-16 12:20:57 - __main__ - WARNING - Could not find collection_objectname td in row
2026-01-16 12:20:57 - __main__ - WARNING - Could not find collection_objectname td in row
2026-01-16 12:20:57 - __main__ - WARNING - Could not find collection_objectname td in row
2026-01-16 12:20:57 - __main__ - WARNING - Could not find collection_objectname td in row
2026-01-16 12:20:57 - __main__ - INFO - Extracted 100 games from page 294
2026-01-16 12:20:57 - __main__ - INFO - Saved 9500 games to data/test_bgg_games.csv
2026-01-16 12:21:02 - __main__ - INFO - Scraping page 295: https://boardgamegeek.com/browse/boardgame/page/295
2026-01-16 12:21:05 - __main__ - WARNING - Could not find collection_objectname td in row
2026-01-16 12:21:05 - __main__ - WARNING - Could not find collection_objectname td in row
2026-01-16 12:21:05 - __main__ - WARNING - Could not find collection_objectname td in row
2026-01-16 12:21:05 - __main__ - WARNING - Could not find collection_objectname td in row
2026-01-16 12:21:05 - __main__ - WARNING - Could not find collection_objectname td in row
2026-01-16 12:21:05 - __main__ - WARNING - Could not find collection_objectname td in row
2026-01-16 12:21:05 - __main__ - INFO - Extracted 100 games from page 295
2026-01-16 12:21:05 - __main__ - INFO - Saved 9600 games to data/test_bgg_games.csv
2026-01-16 12:21:10 - __main__ - INFO - Scraping page 296: https://boardgamegeek.com/browse/boardgame/page/296
2026-01-16 12:21:11 - __main__ - WARNING - Could not find collection_objectname td in row
2026-01-16 12:21:11 - __main__ - WARNING - Could not find collection_objectname td in row
2026-01-16 12:21:11 - __main__ - WARNING - Could not find collection_objectname td in row
2026-01-16 12:21:11 - __main__ - WARNING - Could not find collection_objectname td in row
2026-01-16 12:21:11 - __main__ - WARNING - Could not find collection_objectname td in row
2026-01-16 12:21:11 - __main__ - WARNING - Could not find collection_objectname td in row
2026-01-16 12:21:11 - __main__ - INFO - Extracted 100 games from page 296
2026-01-16 12:21:11 - __main__ - INFO - Saved 9700 games to data/test_bgg_games.csv
2026-01-16 12:21:16 - __main__ - INFO - Scraping page 297: https://boardgamegeek.com/browse/boardgame/page/297
2026-01-16 12:21:18 - __main__ - WARNING - Could not find collection_objectname td in row
2026-01-16 12:21:18 - __main__ - WARNING - Could not find collection_objectname td in row
2026-01-16 12:21:18 - __main__ - WARNING - Could not find collection_objectname td in row
2026-01-16 12:21:18 - __main__ - WARNING - Could not find collection_objectname td in row
2026-01-16 12:21:18 - __main__ - WARNING - Could not find collection_objectname td in row
2026-01-16 12:21:18 - __main__ - WARNING - Could not find collection_objectname td in row
2026-01-16 12:21:18 - __main__ - INFO - Extracted 100 games from page 297
2026-01-16 12:21:18 - __main__ - INFO - Saved 9800 games to data/test_bgg_games.csv
2026-01-16 12:21:23 - __main__ - INFO - Scraping page 298: https://boardgamegeek.com/browse/boardgame/page/298
2026-01-16 12:21:25 - __main__ - WARNING - Could not find collection_objectname td in row
2026-01-16 12:21:25 - __main__ - WARNING - Could not find collection_objectname td in row
2026-01-16 12:21:25 - __main__ - WARNING - Could not find collection_objectname td in row
2026-01-16 12:21:25 - __main__ - WARNING - Could not find collection_objectname td in row
2026-01-16 12:21:25 - __main__ - WARNING - Could not find collection_objectname td in row
2026-01-16 12:21:25 - __main__ - WARNING - Could not find collection_objectname td in row
2026-01-16 12:21:25 - __main__ - INFO - Extracted 100 games from page 298
2026-01-16 12:21:25 - __main__ - INFO - Saved 9900 games to data/test_bgg_games.csv
2026-01-16 12:21:30 - __main__ - INFO - Scraping page 299: https://boardgamegeek.com/browse/boardgame/page/299
2026-01-16 12:21:31 - __main__ - WARNING - Could not find collection_objectname td in row
2026-01-16 12:21:31 - __main__ - WARNING - Could not find collection_objectname td in row
2026-01-16 12:21:31 - __main__ - WARNING - Could not find collection_objectname td in row
2026-01-16 12:21:31 - __main__ - WARNING - Could not find collection_objectname td in row
2026-01-16 12:21:31 - __main__ - WARNING - Could not find collection_objectname td in row
2026-01-16 12:21:31 - __main__ - WARNING - Could not find collection_objectname td in row
2026-01-16 12:21:31 - __main__ - INFO - Extracted 100 games from page 299
2026-01-16 12:21:31 - __main__ - INFO - Saved 10000 games to data/test_bgg_games.csv
2026-01-16 12:21:31 - __main__ - INFO - Total games extracted: 10000
2026-01-16 12:21:31 - __main__ - INFO - Saved 10000 games to data/test_bgg_games.csv
